

Microchip Technology PIC LITE Macro Assembler V1.32 build 58300 
                                                                                               Wed Apr 27 15:20:11 2016

Microchip Technology Omniscient Code Generator (Lite mode) build 58300
     1                           	processor	16F877A
     2                           	opt	pw 120
     3                           	opt	lm
     4                           	psect	text0,local,class=CODE,merge=1,delta=2
     5                           	psect	cinit,global,class=CODE,merge=1,delta=2
     6                           	psect	cstackCOMMON,global,class=COMMON,space=1,delta=1
     7                           	psect	maintext,global,class=CODE,split=1,delta=2
     8                           	psect	text1,local,class=CODE,merge=1,delta=2
     9                           	psect	text2,local,class=CODE,merge=1,delta=2
    10                           	psect	text3,local,class=CODE,merge=1,delta=2
    11                           	dabs	1,0x7E,2
    12  0000                     	;# 
    13  0001                     	;# 
    14  0002                     	;# 
    15  0003                     	;# 
    16  0004                     	;# 
    17  0005                     	;# 
    18  0006                     	;# 
    19  0007                     	;# 
    20  0008                     	;# 
    21  0009                     	;# 
    22  000A                     	;# 
    23  000B                     	;# 
    24  000C                     	;# 
    25  000D                     	;# 
    26  000E                     	;# 
    27  000E                     	;# 
    28  000F                     	;# 
    29  0010                     	;# 
    30  0011                     	;# 
    31  0012                     	;# 
    32  0013                     	;# 
    33  0014                     	;# 
    34  0015                     	;# 
    35  0015                     	;# 
    36  0016                     	;# 
    37  0017                     	;# 
    38  0018                     	;# 
    39  0019                     	;# 
    40  001A                     	;# 
    41  001B                     	;# 
    42  001B                     	;# 
    43  001C                     	;# 
    44  001D                     	;# 
    45  001E                     	;# 
    46  001F                     	;# 
    47  0081                     	;# 
    48  0085                     	;# 
    49  0086                     	;# 
    50  0087                     	;# 
    51  0088                     	;# 
    52  0089                     	;# 
    53  008C                     	;# 
    54  008D                     	;# 
    55  008E                     	;# 
    56  0091                     	;# 
    57  0092                     	;# 
    58  0093                     	;# 
    59  0094                     	;# 
    60  0098                     	;# 
    61  0099                     	;# 
    62  009C                     	;# 
    63  009D                     	;# 
    64  009E                     	;# 
    65  009F                     	;# 
    66  010C                     	;# 
    67  010D                     	;# 
    68  010E                     	;# 
    69  010F                     	;# 
    70  018C                     	;# 
    71  018D                     	;# 
    72  0005                     _PORTA	set	5
    73  0006                     _PORTB	set	6
    74  0007                     _PORTC	set	7
    75  0008                     _PORTD	set	8
    76  0009                     _PORTE	set	9
    77  0085                     _TRISA	set	133
    78  0086                     _TRISB	set	134
    79  0087                     _TRISC	set	135
    80  0088                     _TRISD	set	136
    81  0089                     _TRISE	set	137
    82                           
    83                           	psect	text0
    84  0000                     __ptext0:	
    85                           ; #config settings
    86                           
    87                           
    88                           ;psect for function _GPIO_PinDirection
    89  0000                     
    90                           	psect	cinit
    91  07FC                     start_initialization:	
    92  07FC                     __initialization:	
    93  07FC                     end_of_initialization:	
    94                           ;End of C runtime variable initialization code
    95                           
    96  07FC                     __end_of__initialization:	
    97  07FC  0183               	clrf	3
    98  07FD  120A  118A  2DB4   	ljmp	_main	;jump to C main() function
    99                           
   100                           	psect	cstackCOMMON
   101  0070                     __pcstackCOMMON:	
   102  0070                     ?_GPIO_PinDirection:	
   103  0070                     ??_GPIO_PinRead:	
   104                           ; 0 bytes @ 0x0
   105                           
   106  0070                     ?_GPIO_PinWrite:	
   107                           ; 0 bytes @ 0x0
   108                           
   109  0070                     ?_main:	
   110                           ; 0 bytes @ 0x0
   111                           
   112  0070                     ?_GPIO_PinRead:	
   113                           ; 0 bytes @ 0x0
   114                           
   115  0070                     GPIO_PinDirection@var_pinDirn_u8:	
   116                           ; 1 bytes @ 0x0
   117                           
   118  0070                     GPIO_PinWrite@var_pinValue_u8:	
   119                           ; 1 bytes @ 0x0
   120                           
   121                           
   122                           ; 1 bytes @ 0x0
   123  0070                     	ds	1
   124  0071                     ??_GPIO_PinDirection:	
   125  0071                     ??_GPIO_PinWrite:	
   126                           ; 0 bytes @ 0x1
   127                           
   128                           
   129                           ; 0 bytes @ 0x1
   130  0071                     	ds	1
   131  0072                     GPIO_PinRead@var_portNumber_u8:	
   132                           
   133                           ; 1 bytes @ 0x2
   134  0072                     	ds	1
   135  0073                     GPIO_PinDirection@var_portNumber_u8:	
   136  0073                     GPIO_PinWrite@var_portNumber_u8:	
   137                           ; 1 bytes @ 0x3
   138                           
   139  0073                     GPIO_PinRead@returnStatus:	
   140                           ; 1 bytes @ 0x3
   141                           
   142                           
   143                           ; 1 bytes @ 0x3
   144  0073                     	ds	1
   145  0074                     GPIO_PinDirection@enm_pinNumber:	
   146  0074                     GPIO_PinWrite@enm_pinNumber:	
   147                           ; 1 bytes @ 0x4
   148                           
   149  0074                     GPIO_PinRead@enm_pinNumber:	
   150                           ; 1 bytes @ 0x4
   151                           
   152                           
   153                           ; 1 bytes @ 0x4
   154  0074                     	ds	1
   155  0075                     ??_main:	
   156                           
   157                           ; 0 bytes @ 0x5
   158  0075                     	ds	1
   159  0076                     main@value:	
   160                           
   161                           ; 1 bytes @ 0x6
   162  0076                     	ds	1
   163                           
   164                           	psect	maintext
   165  05B4                     __pmaintext:	
   166 ;;
   167 ;;Main: autosize = 0, tempsize = 1, incstack = 0, save=0
   168 ;;
   169 ;; *************** function _main *****************
   170 ;; Defined at:
   171 ;;		line 14 in file "main.c"
   172 ;; Parameters:    Size  Location     Type
   173 ;;		None
   174 ;; Auto vars:     Size  Location     Type
   175 ;;  value           1    6[COMMON] unsigned char 
   176 ;; Return value:  Size  Location     Type
   177 ;;		None               void
   178 ;; Registers used:
   179 ;;		wreg, fsr0l, fsr0h, status,2, status,0, pclath, cstack
   180 ;; Tracked objects:
   181 ;;		On entry : 17F/0
   182 ;;		On exit  : 0/0
   183 ;;		Unchanged: 0/0
   184 ;; Data sizes:     COMMON   BANK0   BANK1   BANK3   BANK2
   185 ;;      Params:         0       0       0       0       0
   186 ;;      Locals:         1       0       0       0       0
   187 ;;      Temps:          1       0       0       0       0
   188 ;;      Totals:         2       0       0       0       0
   189 ;;Total ram usage:        2 bytes
   190 ;; Hardware stack levels required when called:    1
   191 ;; This function calls:
   192 ;;		_GPIO_PinDirection
   193 ;;		_GPIO_PinRead
   194 ;;		_GPIO_PinWrite
   195 ;; This function is called by:
   196 ;;		Startup code after reset
   197 ;; This function uses a non-reentrant model
   198 ;;
   199                           
   200                           
   201                           ;psect for function _main
   202  05B4                     _main:	
   203                           
   204                           ;main.c: 16: uint8_t value;
   205                           ;main.c: 18: GPIO_PinDirection(PD_2,0x01u);
   206                           
   207                           ;incstack = 0
   208                           ; Regs used in _main: [wreg-fsr0h+status,2+status,0+pclath+cstack]
   209  05B4  01F0               	clrf	GPIO_PinDirection@var_pinDirn_u8
   210  05B5  0AF0               	incf	GPIO_PinDirection@var_pinDirn_u8,f
   211  05B6  301A               	movlw	26
   212  05B7  120A  118A  264A  120A  118A  	fcall	_GPIO_PinDirection
   213                           
   214                           ;main.c: 19: GPIO_PinDirection(PD_0,0x00u);
   215  05BC  01F0               	clrf	GPIO_PinDirection@var_pinDirn_u8
   216  05BD  3018               	movlw	24
   217  05BE  120A  118A  264A  120A  118A  	fcall	_GPIO_PinDirection
   218  05C3                     l9:	
   219                           ;main.c: 21: while(1)
   220                           
   221                           
   222                           ;main.c: 22: {
   223                           ;main.c: 24: value = GPIO_PinRead(PD_2);
   224  05C3  301A               	movlw	26
   225  05C4  120A  118A  25D7  120A  118A  	fcall	_GPIO_PinRead
   226  05C9  00F5               	movwf	??_main
   227  05CA  0875               	movf	??_main,w
   228  05CB  00F6               	movwf	main@value
   229                           
   230                           ;main.c: 25: GPIO_PinWrite(PD_0,value);
   231  05CC  0876               	movf	main@value,w
   232  05CD  00F5               	movwf	??_main
   233  05CE  0875               	movf	??_main,w
   234  05CF  00F0               	movwf	GPIO_PinWrite@var_pinValue_u8
   235  05D0  3018               	movlw	24
   236  05D1  120A  118A  2723  120A  118A  	fcall	_GPIO_PinWrite
   237  05D6  2DC3               	goto	l9
   238  05D7                     __end_of_main:	
   239                           
   240                           	psect	text1
   241  0723                     __ptext1:	
   242 ;; *************** function _GPIO_PinWrite *****************
   243 ;; Defined at:
   244 ;;		line 127 in file "../../SampleCode/00-libfiles/gpio.c"
   245 ;; Parameters:    Size  Location     Type
   246 ;;  enm_pinNumbe    1    wreg     enum E1088
   247 ;;  var_pinValue    1    0[COMMON] unsigned char 
   248 ;; Auto vars:     Size  Location     Type
   249 ;;  enm_pinNumbe    1    4[COMMON] enum E1088
   250 ;;  var_portNumb    1    3[COMMON] unsigned char 
   251 ;; Return value:  Size  Location     Type
   252 ;;		None               void
   253 ;; Registers used:
   254 ;;		wreg, fsr0l, fsr0h, status,2, status,0
   255 ;; Tracked objects:
   256 ;;		On entry : 0/0
   257 ;;		On exit  : 0/0
   258 ;;		Unchanged: 0/0
   259 ;; Data sizes:     COMMON   BANK0   BANK1   BANK3   BANK2
   260 ;;      Params:         1       0       0       0       0
   261 ;;      Locals:         2       0       0       0       0
   262 ;;      Temps:          2       0       0       0       0
   263 ;;      Totals:         5       0       0       0       0
   264 ;;Total ram usage:        5 bytes
   265 ;; Hardware stack levels used:    1
   266 ;; This function calls:
   267 ;;		Nothing
   268 ;; This function is called by:
   269 ;;		_main
   270 ;; This function uses a non-reentrant model
   271 ;;
   272                           
   273                           
   274                           ;psect for function _GPIO_PinWrite
   275  0723                     _GPIO_PinWrite:	
   276                           
   277                           ;incstack = 0
   278                           ; Regs used in _GPIO_PinWrite: [wreg-fsr0h+status,2+status,0]
   279                           ;GPIO_PinWrite@enm_pinNumber stored from wreg
   280  0723  00F4               	movwf	GPIO_PinWrite@enm_pinNumber
   281                           
   282                           ;gpio.c: 130: uint8_t var_portNumber_u8;
   283                           ;gpio.c: 133: var_portNumber_u8 = (enm_pinNumber>>3);
   284  0724  0874               	movf	GPIO_PinWrite@enm_pinNumber,w
   285  0725  00F1               	movwf	??_GPIO_PinWrite
   286  0726  3003               	movlw	3
   287  0727                     u235:	
   288  0727  1003               	clrc
   289  0728  0CF1               	rrf	??_GPIO_PinWrite,f
   290  0729  3EFF               	addlw	-1
   291  072A  1D03               	skipz
   292  072B  2F27               	goto	u235
   293  072C  0871               	movf	??_GPIO_PinWrite,w
   294  072D  00F2               	movwf	??_GPIO_PinWrite+1
   295  072E  0872               	movf	??_GPIO_PinWrite+1,w
   296  072F  00F3               	movwf	GPIO_PinWrite@var_portNumber_u8
   297                           
   298                           ;gpio.c: 134: enm_pinNumber = enm_pinNumber & 0x07;
   299  0730  0874               	movf	GPIO_PinWrite@enm_pinNumber,w
   300  0731  3907               	andlw	7
   301  0732  00F1               	movwf	??_GPIO_PinWrite
   302  0733  0871               	movf	??_GPIO_PinWrite,w
   303  0734  00F4               	movwf	GPIO_PinWrite@enm_pinNumber
   304                           
   305                           ;gpio.c: 138: switch(var_portNumber_u8)
   306  0735  2FEA               	goto	l657
   307  0736                     l625:	
   308                           ;gpio.c: 139: {
   309                           ;gpio.c: 141: case 0:
   310                           
   311                           
   312                           ;gpio.c: 142: ((var_pinValue_u8)? ((PORTA) |= (1<<(enm_pinNumber))): ((PORTA) &= ~(1<<(e
      +                          nm_pinNumber))));
   313  0736  0870               	movf	GPIO_PinWrite@var_pinValue_u8,w
   314  0737  1903               	btfsc	3,2
   315  0738  2F49               	goto	l629
   316  0739  3001               	movlw	1
   317  073A  00F1               	movwf	??_GPIO_PinWrite
   318  073B  0A74               	incf	GPIO_PinWrite@enm_pinNumber,w
   319  073C  2F3F               	goto	u254
   320  073D                     u255:	
   321  073D  1003               	clrc
   322  073E  0DF1               	rlf	??_GPIO_PinWrite,f
   323  073F                     u254:	
   324  073F  3EFF               	addlw	-1
   325  0740  1D03               	skipz
   326  0741  2F3D               	goto	u255
   327  0742  0871               	movf	??_GPIO_PinWrite,w
   328  0743  00F2               	movwf	??_GPIO_PinWrite+1
   329  0744  0872               	movf	??_GPIO_PinWrite+1,w
   330  0745  1283               	bcf	3,5	;RP0=0, select bank0
   331  0746  1303               	bcf	3,6	;RP1=0, select bank0
   332  0747  0485               	iorwf	5,f	;volatile
   333  0748  0008               	return
   334  0749                     l629:	
   335  0749  3001               	movlw	1
   336  074A  00F1               	movwf	??_GPIO_PinWrite
   337  074B  0A74               	incf	GPIO_PinWrite@enm_pinNumber,w
   338  074C  2F4F               	goto	u264
   339  074D                     u265:	
   340  074D  1003               	clrc
   341  074E  0DF1               	rlf	??_GPIO_PinWrite,f
   342  074F                     u264:	
   343  074F  3EFF               	addlw	-1
   344  0750  1D03               	skipz
   345  0751  2F4D               	goto	u265
   346  0752  0871               	movf	??_GPIO_PinWrite,w
   347  0753  3AFF               	xorlw	255
   348  0754  00F2               	movwf	??_GPIO_PinWrite+1
   349  0755  0872               	movf	??_GPIO_PinWrite+1,w
   350  0756  1283               	bcf	3,5	;RP0=0, select bank0
   351  0757  1303               	bcf	3,6	;RP1=0, select bank0
   352  0758  0585               	andwf	5,f	;volatile
   353                           
   354                           ;gpio.c: 143: break;
   355  0759  0008               	return
   356  075A                     l631:	
   357                           ;gpio.c: 147: case 1:
   358                           
   359                           
   360                           ;gpio.c: 148: ((var_pinValue_u8)? ((PORTB) |= (1<<(enm_pinNumber))): ((PORTB) &= ~(1<<(e
      +                          nm_pinNumber))));
   361  075A  0870               	movf	GPIO_PinWrite@var_pinValue_u8,w
   362  075B  1903               	btfsc	3,2
   363  075C  2F6D               	goto	l635
   364  075D  3001               	movlw	1
   365  075E  00F1               	movwf	??_GPIO_PinWrite
   366  075F  0A74               	incf	GPIO_PinWrite@enm_pinNumber,w
   367  0760  2F63               	goto	u284
   368  0761                     u285:	
   369  0761  1003               	clrc
   370  0762  0DF1               	rlf	??_GPIO_PinWrite,f
   371  0763                     u284:	
   372  0763  3EFF               	addlw	-1
   373  0764  1D03               	skipz
   374  0765  2F61               	goto	u285
   375  0766  0871               	movf	??_GPIO_PinWrite,w
   376  0767  00F2               	movwf	??_GPIO_PinWrite+1
   377  0768  0872               	movf	??_GPIO_PinWrite+1,w
   378  0769  1283               	bcf	3,5	;RP0=0, select bank0
   379  076A  1303               	bcf	3,6	;RP1=0, select bank0
   380  076B  0486               	iorwf	6,f	;volatile
   381  076C  0008               	return
   382  076D                     l635:	
   383  076D  3001               	movlw	1
   384  076E  00F1               	movwf	??_GPIO_PinWrite
   385  076F  0A74               	incf	GPIO_PinWrite@enm_pinNumber,w
   386  0770  2F73               	goto	u294
   387  0771                     u295:	
   388  0771  1003               	clrc
   389  0772  0DF1               	rlf	??_GPIO_PinWrite,f
   390  0773                     u294:	
   391  0773  3EFF               	addlw	-1
   392  0774  1D03               	skipz
   393  0775  2F71               	goto	u295
   394  0776  0871               	movf	??_GPIO_PinWrite,w
   395  0777  3AFF               	xorlw	255
   396  0778  00F2               	movwf	??_GPIO_PinWrite+1
   397  0779  0872               	movf	??_GPIO_PinWrite+1,w
   398  077A  1283               	bcf	3,5	;RP0=0, select bank0
   399  077B  1303               	bcf	3,6	;RP1=0, select bank0
   400  077C  0586               	andwf	6,f	;volatile
   401                           
   402                           ;gpio.c: 149: break;
   403  077D  0008               	return
   404  077E                     l637:	
   405                           ;gpio.c: 153: case 2:
   406                           
   407                           
   408                           ;gpio.c: 154: ((var_pinValue_u8)? ((PORTC) |= (1<<(enm_pinNumber))): ((PORTC) &= ~(1<<(e
      +                          nm_pinNumber))));
   409  077E  0870               	movf	GPIO_PinWrite@var_pinValue_u8,w
   410  077F  1903               	btfsc	3,2
   411  0780  2F91               	goto	l641
   412  0781  3001               	movlw	1
   413  0782  00F1               	movwf	??_GPIO_PinWrite
   414  0783  0A74               	incf	GPIO_PinWrite@enm_pinNumber,w
   415  0784  2F87               	goto	u314
   416  0785                     u315:	
   417  0785  1003               	clrc
   418  0786  0DF1               	rlf	??_GPIO_PinWrite,f
   419  0787                     u314:	
   420  0787  3EFF               	addlw	-1
   421  0788  1D03               	skipz
   422  0789  2F85               	goto	u315
   423  078A  0871               	movf	??_GPIO_PinWrite,w
   424  078B  00F2               	movwf	??_GPIO_PinWrite+1
   425  078C  0872               	movf	??_GPIO_PinWrite+1,w
   426  078D  1283               	bcf	3,5	;RP0=0, select bank0
   427  078E  1303               	bcf	3,6	;RP1=0, select bank0
   428  078F  0487               	iorwf	7,f	;volatile
   429  0790  0008               	return
   430  0791                     l641:	
   431  0791  3001               	movlw	1
   432  0792  00F1               	movwf	??_GPIO_PinWrite
   433  0793  0A74               	incf	GPIO_PinWrite@enm_pinNumber,w
   434  0794  2F97               	goto	u324
   435  0795                     u325:	
   436  0795  1003               	clrc
   437  0796  0DF1               	rlf	??_GPIO_PinWrite,f
   438  0797                     u324:	
   439  0797  3EFF               	addlw	-1
   440  0798  1D03               	skipz
   441  0799  2F95               	goto	u325
   442  079A  0871               	movf	??_GPIO_PinWrite,w
   443  079B  3AFF               	xorlw	255
   444  079C  00F2               	movwf	??_GPIO_PinWrite+1
   445  079D  0872               	movf	??_GPIO_PinWrite+1,w
   446  079E  1283               	bcf	3,5	;RP0=0, select bank0
   447  079F  1303               	bcf	3,6	;RP1=0, select bank0
   448  07A0  0587               	andwf	7,f	;volatile
   449                           
   450                           ;gpio.c: 155: break;
   451  07A1  0008               	return
   452  07A2                     l643:	
   453                           ;gpio.c: 159: case 3:
   454                           
   455                           
   456                           ;gpio.c: 160: ((var_pinValue_u8)? ((PORTD) |= (1<<(enm_pinNumber))): ((PORTD) &= ~(1<<(e
      +                          nm_pinNumber))));
   457  07A2  0870               	movf	GPIO_PinWrite@var_pinValue_u8,w
   458  07A3  1903               	btfsc	3,2
   459  07A4  2FB5               	goto	l647
   460  07A5  3001               	movlw	1
   461  07A6  00F1               	movwf	??_GPIO_PinWrite
   462  07A7  0A74               	incf	GPIO_PinWrite@enm_pinNumber,w
   463  07A8  2FAB               	goto	u344
   464  07A9                     u345:	
   465  07A9  1003               	clrc
   466  07AA  0DF1               	rlf	??_GPIO_PinWrite,f
   467  07AB                     u344:	
   468  07AB  3EFF               	addlw	-1
   469  07AC  1D03               	skipz
   470  07AD  2FA9               	goto	u345
   471  07AE  0871               	movf	??_GPIO_PinWrite,w
   472  07AF  00F2               	movwf	??_GPIO_PinWrite+1
   473  07B0  0872               	movf	??_GPIO_PinWrite+1,w
   474  07B1  1283               	bcf	3,5	;RP0=0, select bank0
   475  07B2  1303               	bcf	3,6	;RP1=0, select bank0
   476  07B3  0488               	iorwf	8,f	;volatile
   477  07B4  0008               	return
   478  07B5                     l647:	
   479  07B5  3001               	movlw	1
   480  07B6  00F1               	movwf	??_GPIO_PinWrite
   481  07B7  0A74               	incf	GPIO_PinWrite@enm_pinNumber,w
   482  07B8  2FBB               	goto	u354
   483  07B9                     u355:	
   484  07B9  1003               	clrc
   485  07BA  0DF1               	rlf	??_GPIO_PinWrite,f
   486  07BB                     u354:	
   487  07BB  3EFF               	addlw	-1
   488  07BC  1D03               	skipz
   489  07BD  2FB9               	goto	u355
   490  07BE  0871               	movf	??_GPIO_PinWrite,w
   491  07BF  3AFF               	xorlw	255
   492  07C0  00F2               	movwf	??_GPIO_PinWrite+1
   493  07C1  0872               	movf	??_GPIO_PinWrite+1,w
   494  07C2  1283               	bcf	3,5	;RP0=0, select bank0
   495  07C3  1303               	bcf	3,6	;RP1=0, select bank0
   496  07C4  0588               	andwf	8,f	;volatile
   497                           
   498                           ;gpio.c: 161: break;
   499  07C5  0008               	return
   500  07C6                     l649:	
   501                           ;gpio.c: 165: case 4:
   502                           
   503                           
   504                           ;gpio.c: 166: ((var_pinValue_u8)? ((PORTE) |= (1<<(enm_pinNumber))): ((PORTE) &= ~(1<<(e
      +                          nm_pinNumber))));
   505  07C6  0870               	movf	GPIO_PinWrite@var_pinValue_u8,w
   506  07C7  1903               	btfsc	3,2
   507  07C8  2FD9               	goto	l653
   508  07C9  3001               	movlw	1
   509  07CA  00F1               	movwf	??_GPIO_PinWrite
   510  07CB  0A74               	incf	GPIO_PinWrite@enm_pinNumber,w
   511  07CC  2FCF               	goto	u374
   512  07CD                     u375:	
   513  07CD  1003               	clrc
   514  07CE  0DF1               	rlf	??_GPIO_PinWrite,f
   515  07CF                     u374:	
   516  07CF  3EFF               	addlw	-1
   517  07D0  1D03               	skipz
   518  07D1  2FCD               	goto	u375
   519  07D2  0871               	movf	??_GPIO_PinWrite,w
   520  07D3  00F2               	movwf	??_GPIO_PinWrite+1
   521  07D4  0872               	movf	??_GPIO_PinWrite+1,w
   522  07D5  1283               	bcf	3,5	;RP0=0, select bank0
   523  07D6  1303               	bcf	3,6	;RP1=0, select bank0
   524  07D7  0489               	iorwf	9,f	;volatile
   525  07D8  0008               	return
   526  07D9                     l653:	
   527  07D9  3001               	movlw	1
   528  07DA  00F1               	movwf	??_GPIO_PinWrite
   529  07DB  0A74               	incf	GPIO_PinWrite@enm_pinNumber,w
   530  07DC  2FDF               	goto	u384
   531  07DD                     u385:	
   532  07DD  1003               	clrc
   533  07DE  0DF1               	rlf	??_GPIO_PinWrite,f
   534  07DF                     u384:	
   535  07DF  3EFF               	addlw	-1
   536  07E0  1D03               	skipz
   537  07E1  2FDD               	goto	u385
   538  07E2  0871               	movf	??_GPIO_PinWrite,w
   539  07E3  3AFF               	xorlw	255
   540  07E4  00F2               	movwf	??_GPIO_PinWrite+1
   541  07E5  0872               	movf	??_GPIO_PinWrite+1,w
   542  07E6  1283               	bcf	3,5	;RP0=0, select bank0
   543  07E7  1303               	bcf	3,6	;RP1=0, select bank0
   544  07E8  0589               	andwf	9,f	;volatile
   545                           
   546                           ;gpio.c: 169: }
   547                           
   548                           ;gpio.c: 167: break;
   549  07E9  0008               	return
   550  07EA                     l657:	
   551  07EA  0873               	movf	GPIO_PinWrite@var_portNumber_u8,w
   552                           
   553                           ; Switch size 1, requested type "space"
   554                           ; Number of cases is 5, Range of values is 0 to 4
   555                           ; switch strategies available:
   556                           ; Name         Instructions Cycles
   557                           ; simple_byte           16     9 (average)
   558                           ; direct_byte           23     8 (fixed)
   559                           ; jumptable            260     6 (fixed)
   560                           ;	Chosen strategy is simple_byte
   561  07EB  3A00               	xorlw	0	; case 0
   562  07EC  1903               	skipnz
   563  07ED  2F36               	goto	l625
   564  07EE  3A01               	xorlw	1	; case 1
   565  07EF  1903               	skipnz
   566  07F0  2F5A               	goto	l631
   567  07F1  3A03               	xorlw	3	; case 2
   568  07F2  1903               	skipnz
   569  07F3  2F7E               	goto	l637
   570  07F4  3A01               	xorlw	1	; case 3
   571  07F5  1903               	skipnz
   572  07F6  2FA2               	goto	l643
   573  07F7  3A07               	xorlw	7	; case 4
   574  07F8  1903               	skipnz
   575  07F9  2FC6               	goto	l649
   576  07FA  2FFB               	goto	l92
   577  07FB                     l92:	
   578  07FB  0008               	return
   579  07FC                     __end_of_GPIO_PinWrite:	
   580                           
   581                           	psect	text2
   582  05D7                     __ptext2:	
   583 ;; *************** function _GPIO_PinRead *****************
   584 ;; Defined at:
   585 ;;		line 192 in file "../../SampleCode/00-libfiles/gpio.c"
   586 ;; Parameters:    Size  Location     Type
   587 ;;  enm_pinNumbe    1    wreg     enum E1088
   588 ;; Auto vars:     Size  Location     Type
   589 ;;  enm_pinNumbe    1    4[COMMON] enum E1088
   590 ;;  returnStatus    1    3[COMMON] unsigned char 
   591 ;;  var_portNumb    1    2[COMMON] unsigned char 
   592 ;; Return value:  Size  Location     Type
   593 ;;                  1    wreg      unsigned char 
   594 ;; Registers used:
   595 ;;		wreg, fsr0l, fsr0h, status,2, status,0
   596 ;; Tracked objects:
   597 ;;		On entry : 0/0
   598 ;;		On exit  : 0/0
   599 ;;		Unchanged: 0/0
   600 ;; Data sizes:     COMMON   BANK0   BANK1   BANK3   BANK2
   601 ;;      Params:         0       0       0       0       0
   602 ;;      Locals:         3       0       0       0       0
   603 ;;      Temps:          2       0       0       0       0
   604 ;;      Totals:         5       0       0       0       0
   605 ;;Total ram usage:        5 bytes
   606 ;; Hardware stack levels used:    1
   607 ;; This function calls:
   608 ;;		Nothing
   609 ;; This function is called by:
   610 ;;		_main
   611 ;; This function uses a non-reentrant model
   612 ;;
   613                           
   614                           
   615                           ;psect for function _GPIO_PinRead
   616  05D7                     _GPIO_PinRead:	
   617                           
   618                           ;incstack = 0
   619                           ; Regs used in _GPIO_PinRead: [wreg-fsr0h+status,2+status,0]
   620                           ;GPIO_PinRead@enm_pinNumber stored from wreg
   621  05D7  00F4               	movwf	GPIO_PinRead@enm_pinNumber
   622                           
   623                           ;gpio.c: 194: uint8_t var_portNumber_u8;
   624                           ;gpio.c: 195: uint8_t returnStatus = 0;
   625  05D8  01F3               	clrf	GPIO_PinRead@returnStatus
   626                           
   627                           ;gpio.c: 197: var_portNumber_u8 = (enm_pinNumber>>3);
   628  05D9  0874               	movf	GPIO_PinRead@enm_pinNumber,w
   629  05DA  00F0               	movwf	??_GPIO_PinRead
   630  05DB  3003               	movlw	3
   631  05DC                     u175:	
   632  05DC  1003               	clrc
   633  05DD  0CF0               	rrf	??_GPIO_PinRead,f
   634  05DE  3EFF               	addlw	-1
   635  05DF  1D03               	skipz
   636  05E0  2DDC               	goto	u175
   637  05E1  0870               	movf	??_GPIO_PinRead,w
   638  05E2  00F1               	movwf	??_GPIO_PinRead+1
   639  05E3  0871               	movf	??_GPIO_PinRead+1,w
   640  05E4  00F2               	movwf	GPIO_PinRead@var_portNumber_u8
   641                           
   642                           ;gpio.c: 198: enm_pinNumber = enm_pinNumber & 0x07;
   643  05E5  0874               	movf	GPIO_PinRead@enm_pinNumber,w
   644  05E6  3907               	andlw	7
   645  05E7  00F0               	movwf	??_GPIO_PinRead
   646  05E8  0870               	movf	??_GPIO_PinRead,w
   647  05E9  00F4               	movwf	GPIO_PinRead@enm_pinNumber
   648                           
   649                           ;gpio.c: 201: switch(var_portNumber_u8)
   650  05EA  2E37               	goto	l615
   651  05EB                     l603:	
   652                           ;gpio.c: 202: {
   653                           ;gpio.c: 204: case 0:
   654                           
   655                           
   656                           ;gpio.c: 205: returnStatus = (((PORTA)&((1<<(enm_pinNumber))))!=0u);
   657  05EB  3001               	movlw	1
   658  05EC  00F0               	movwf	??_GPIO_PinRead
   659  05ED  0A74               	incf	GPIO_PinRead@enm_pinNumber,w
   660  05EE  2DF1               	goto	u184
   661  05EF                     u185:	
   662  05EF  1003               	clrc
   663  05F0  0DF0               	rlf	??_GPIO_PinRead,f
   664  05F1                     u184:	
   665  05F1  3EFF               	addlw	-1
   666  05F2  1D03               	skipz
   667  05F3  2DEF               	goto	u185
   668  05F4  0870               	movf	??_GPIO_PinRead,w
   669  05F5  1283               	bcf	3,5	;RP0=0, select bank0
   670  05F6  1303               	bcf	3,6	;RP1=0, select bank0
   671  05F7  0505               	andwf	5,w	;volatile
   672  05F8  2E30               	goto	L4
   673  05F9                     l605:	
   674                           ;gpio.c: 209: case 1:
   675                           
   676                           ;gpio.c: 206: break;
   677                           
   678                           
   679                           ;gpio.c: 210: returnStatus = (((PORTB)&((1<<(enm_pinNumber))))!=0u);
   680  05F9  3001               	movlw	1
   681  05FA  00F0               	movwf	??_GPIO_PinRead
   682  05FB  0A74               	incf	GPIO_PinRead@enm_pinNumber,w
   683  05FC  2DFF               	goto	u194
   684  05FD                     u195:	
   685  05FD  1003               	clrc
   686  05FE  0DF0               	rlf	??_GPIO_PinRead,f
   687  05FF                     u194:	
   688  05FF  3EFF               	addlw	-1
   689  0600  1D03               	skipz
   690  0601  2DFD               	goto	u195
   691  0602  0870               	movf	??_GPIO_PinRead,w
   692  0603  1283               	bcf	3,5	;RP0=0, select bank0
   693  0604  1303               	bcf	3,6	;RP1=0, select bank0
   694  0605  0506               	andwf	6,w	;volatile
   695  0606  2E30               	goto	L4
   696  0607                     l607:	
   697                           ;gpio.c: 214: case 2:
   698                           
   699                           ;gpio.c: 211: break;
   700                           
   701                           
   702                           ;gpio.c: 215: returnStatus = (((PORTC)&((1<<(enm_pinNumber))))!=0u);
   703  0607  3001               	movlw	1
   704  0608  00F0               	movwf	??_GPIO_PinRead
   705  0609  0A74               	incf	GPIO_PinRead@enm_pinNumber,w
   706  060A  2E0D               	goto	u204
   707  060B                     u205:	
   708  060B  1003               	clrc
   709  060C  0DF0               	rlf	??_GPIO_PinRead,f
   710  060D                     u204:	
   711  060D  3EFF               	addlw	-1
   712  060E  1D03               	skipz
   713  060F  2E0B               	goto	u205
   714  0610  0870               	movf	??_GPIO_PinRead,w
   715  0611  1283               	bcf	3,5	;RP0=0, select bank0
   716  0612  1303               	bcf	3,6	;RP1=0, select bank0
   717  0613  0507               	andwf	7,w	;volatile
   718  0614  2E30               	goto	L4
   719  0615                     l609:	
   720                           ;gpio.c: 220: case 3:
   721                           
   722                           ;gpio.c: 216: break;
   723                           
   724                           
   725                           ;gpio.c: 221: returnStatus = (((PORTD)&((1<<(enm_pinNumber))))!=0u);
   726  0615  3001               	movlw	1
   727  0616  00F0               	movwf	??_GPIO_PinRead
   728  0617  0A74               	incf	GPIO_PinRead@enm_pinNumber,w
   729  0618  2E1B               	goto	u214
   730  0619                     u215:	
   731  0619  1003               	clrc
   732  061A  0DF0               	rlf	??_GPIO_PinRead,f
   733  061B                     u214:	
   734  061B  3EFF               	addlw	-1
   735  061C  1D03               	skipz
   736  061D  2E19               	goto	u215
   737  061E  0870               	movf	??_GPIO_PinRead,w
   738  061F  1283               	bcf	3,5	;RP0=0, select bank0
   739  0620  1303               	bcf	3,6	;RP1=0, select bank0
   740  0621  0508               	andwf	8,w	;volatile
   741  0622  2E30               	goto	L4
   742  0623                     l611:	
   743                           ;gpio.c: 226: case 4:
   744                           
   745                           ;gpio.c: 222: break;
   746                           
   747                           
   748                           ;gpio.c: 227: returnStatus = (((PORTE)&((1<<(enm_pinNumber))))!=0u);
   749  0623  3001               	movlw	1
   750  0624  00F0               	movwf	??_GPIO_PinRead
   751  0625  0A74               	incf	GPIO_PinRead@enm_pinNumber,w
   752  0626  2E29               	goto	u224
   753  0627                     u225:	
   754  0627  1003               	clrc
   755  0628  0DF0               	rlf	??_GPIO_PinRead,f
   756  0629                     u224:	
   757  0629  3EFF               	addlw	-1
   758  062A  1D03               	skipz
   759  062B  2E27               	goto	u225
   760  062C  0870               	movf	??_GPIO_PinRead,w
   761  062D  1283               	bcf	3,5	;RP0=0, select bank0
   762  062E  1303               	bcf	3,6	;RP1=0, select bank0
   763  062F  0509               	andwf	9,w	;volatile
   764  0630                     L4:	
   765  0630  3000               	movlw	0
   766  0631  1D03               	btfss	3,2
   767  0632  3001               	movlw	1
   768  0633  00F1               	movwf	??_GPIO_PinRead+1
   769  0634  0871               	movf	??_GPIO_PinRead+1,w
   770  0635  00F3               	movwf	GPIO_PinRead@returnStatus
   771                           
   772                           ;gpio.c: 229: }
   773                           
   774                           ;gpio.c: 228: break;
   775  0636  2E48               	goto	l617
   776  0637                     l615:	
   777  0637  0872               	movf	GPIO_PinRead@var_portNumber_u8,w
   778                           
   779                           ; Switch size 1, requested type "space"
   780                           ; Number of cases is 5, Range of values is 0 to 4
   781                           ; switch strategies available:
   782                           ; Name         Instructions Cycles
   783                           ; simple_byte           16     9 (average)
   784                           ; direct_byte           23     8 (fixed)
   785                           ; jumptable            260     6 (fixed)
   786                           ;	Chosen strategy is simple_byte
   787  0638  3A00               	xorlw	0	; case 0
   788  0639  1903               	skipnz
   789  063A  2DEB               	goto	l603
   790  063B  3A01               	xorlw	1	; case 1
   791  063C  1903               	skipnz
   792  063D  2DF9               	goto	l605
   793  063E  3A03               	xorlw	3	; case 2
   794  063F  1903               	skipnz
   795  0640  2E07               	goto	l607
   796  0641  3A01               	xorlw	1	; case 3
   797  0642  1903               	skipnz
   798  0643  2E15               	goto	l609
   799  0644  3A07               	xorlw	7	; case 4
   800  0645  1903               	skipnz
   801  0646  2E23               	goto	l611
   802  0647  2E48               	goto	l617
   803  0648                     l617:	
   804                           
   805                           ;gpio.c: 230: return returnStatus;
   806  0648  0873               	movf	GPIO_PinRead@returnStatus,w
   807  0649  0008               	return
   808  064A                     __end_of_GPIO_PinRead:	
   809                           
   810                           	psect	text3
   811  064A                     __ptext3:	
   812 ;; *************** function _GPIO_PinDirection *****************
   813 ;; Defined at:
   814 ;;		line 60 in file "../../SampleCode/00-libfiles/gpio.c"
   815 ;; Parameters:    Size  Location     Type
   816 ;;  enm_pinNumbe    1    wreg     enum E1088
   817 ;;  var_pinDirn_    1    0[COMMON] unsigned char 
   818 ;; Auto vars:     Size  Location     Type
   819 ;;  enm_pinNumbe    1    4[COMMON] enum E1088
   820 ;;  var_portNumb    1    3[COMMON] unsigned char 
   821 ;; Return value:  Size  Location     Type
   822 ;;		None               void
   823 ;; Registers used:
   824 ;;		wreg, fsr0l, fsr0h, status,2, status,0
   825 ;; Tracked objects:
   826 ;;		On entry : 0/0
   827 ;;		On exit  : 0/0
   828 ;;		Unchanged: 0/0
   829 ;; Data sizes:     COMMON   BANK0   BANK1   BANK3   BANK2
   830 ;;      Params:         1       0       0       0       0
   831 ;;      Locals:         2       0       0       0       0
   832 ;;      Temps:          2       0       0       0       0
   833 ;;      Totals:         5       0       0       0       0
   834 ;;Total ram usage:        5 bytes
   835 ;; Hardware stack levels used:    1
   836 ;; This function calls:
   837 ;;		Nothing
   838 ;; This function is called by:
   839 ;;		_main
   840 ;; This function uses a non-reentrant model
   841 ;;
   842                           
   843                           
   844                           ;psect for function _GPIO_PinDirection
   845  064A                     _GPIO_PinDirection:	
   846                           
   847                           ;incstack = 0
   848                           ; Regs used in _GPIO_PinDirection: [wreg-fsr0h+status,2+status,0]
   849                           ;GPIO_PinDirection@enm_pinNumber stored from wreg
   850  064A  00F4               	movwf	GPIO_PinDirection@enm_pinNumber
   851                           
   852                           ;gpio.c: 63: uint8_t var_portNumber_u8;
   853                           ;gpio.c: 66: var_portNumber_u8 = (enm_pinNumber>>3);
   854  064B  0874               	movf	GPIO_PinDirection@enm_pinNumber,w
   855  064C  00F1               	movwf	??_GPIO_PinDirection
   856  064D  3003               	movlw	3
   857  064E                     u15:	
   858  064E  1003               	clrc
   859  064F  0CF1               	rrf	??_GPIO_PinDirection,f
   860  0650  3EFF               	addlw	-1
   861  0651  1D03               	skipz
   862  0652  2E4E               	goto	u15
   863  0653  0871               	movf	??_GPIO_PinDirection,w
   864  0654  00F2               	movwf	??_GPIO_PinDirection+1
   865  0655  0872               	movf	??_GPIO_PinDirection+1,w
   866  0656  00F3               	movwf	GPIO_PinDirection@var_portNumber_u8
   867                           
   868                           ;gpio.c: 67: enm_pinNumber = enm_pinNumber & 0x07;
   869  0657  0874               	movf	GPIO_PinDirection@enm_pinNumber,w
   870  0658  3907               	andlw	7
   871  0659  00F1               	movwf	??_GPIO_PinDirection
   872  065A  0871               	movf	??_GPIO_PinDirection,w
   873  065B  00F4               	movwf	GPIO_PinDirection@enm_pinNumber
   874                           
   875                           ;gpio.c: 71: switch(var_portNumber_u8)
   876  065C  2F11               	goto	l595
   877  065D                     l563:	
   878                           ;gpio.c: 72: {
   879                           ;gpio.c: 74: case 0:
   880                           
   881                           
   882                           ;gpio.c: 75: ((var_pinDirn_u8)? ((TRISA) |= (1<<(enm_pinNumber))): ((TRISA) &= ~(1<<(enm
      +                          _pinNumber))));
   883  065D  0870               	movf	GPIO_PinDirection@var_pinDirn_u8,w
   884  065E  1903               	btfsc	3,2
   885  065F  2E70               	goto	l567
   886  0660  3001               	movlw	1
   887  0661  00F1               	movwf	??_GPIO_PinDirection
   888  0662  0A74               	incf	GPIO_PinDirection@enm_pinNumber,w
   889  0663  2E66               	goto	u34
   890  0664                     u35:	
   891  0664  1003               	clrc
   892  0665  0DF1               	rlf	??_GPIO_PinDirection,f
   893  0666                     u34:	
   894  0666  3EFF               	addlw	-1
   895  0667  1D03               	skipz
   896  0668  2E64               	goto	u35
   897  0669  0871               	movf	??_GPIO_PinDirection,w
   898  066A  00F2               	movwf	??_GPIO_PinDirection+1
   899  066B  0872               	movf	??_GPIO_PinDirection+1,w
   900  066C  1683               	bsf	3,5	;RP0=1, select bank1
   901  066D  1303               	bcf	3,6	;RP1=0, select bank1
   902  066E  0485               	iorwf	5,f	;volatile
   903  066F  0008               	return
   904  0670                     l567:	
   905  0670  3001               	movlw	1
   906  0671  00F1               	movwf	??_GPIO_PinDirection
   907  0672  0A74               	incf	GPIO_PinDirection@enm_pinNumber,w
   908  0673  2E76               	goto	u44
   909  0674                     u45:	
   910  0674  1003               	clrc
   911  0675  0DF1               	rlf	??_GPIO_PinDirection,f
   912  0676                     u44:	
   913  0676  3EFF               	addlw	-1
   914  0677  1D03               	skipz
   915  0678  2E74               	goto	u45
   916  0679  0871               	movf	??_GPIO_PinDirection,w
   917  067A  3AFF               	xorlw	255
   918  067B  00F2               	movwf	??_GPIO_PinDirection+1
   919  067C  0872               	movf	??_GPIO_PinDirection+1,w
   920  067D  1683               	bsf	3,5	;RP0=1, select bank1
   921  067E  1303               	bcf	3,6	;RP1=0, select bank1
   922  067F  0585               	andwf	5,f	;volatile
   923                           
   924                           ;gpio.c: 76: break;
   925  0680  0008               	return
   926  0681                     l569:	
   927                           ;gpio.c: 80: case 1:
   928                           
   929                           
   930                           ;gpio.c: 81: ((var_pinDirn_u8)? ((TRISB) |= (1<<(enm_pinNumber))): ((TRISB) &= ~(1<<(enm
      +                          _pinNumber))));
   931  0681  0870               	movf	GPIO_PinDirection@var_pinDirn_u8,w
   932  0682  1903               	btfsc	3,2
   933  0683  2E94               	goto	l573
   934  0684  3001               	movlw	1
   935  0685  00F1               	movwf	??_GPIO_PinDirection
   936  0686  0A74               	incf	GPIO_PinDirection@enm_pinNumber,w
   937  0687  2E8A               	goto	u64
   938  0688                     u65:	
   939  0688  1003               	clrc
   940  0689  0DF1               	rlf	??_GPIO_PinDirection,f
   941  068A                     u64:	
   942  068A  3EFF               	addlw	-1
   943  068B  1D03               	skipz
   944  068C  2E88               	goto	u65
   945  068D  0871               	movf	??_GPIO_PinDirection,w
   946  068E  00F2               	movwf	??_GPIO_PinDirection+1
   947  068F  0872               	movf	??_GPIO_PinDirection+1,w
   948  0690  1683               	bsf	3,5	;RP0=1, select bank1
   949  0691  1303               	bcf	3,6	;RP1=0, select bank1
   950  0692  0486               	iorwf	6,f	;volatile
   951  0693  0008               	return
   952  0694                     l573:	
   953  0694  3001               	movlw	1
   954  0695  00F1               	movwf	??_GPIO_PinDirection
   955  0696  0A74               	incf	GPIO_PinDirection@enm_pinNumber,w
   956  0697  2E9A               	goto	u74
   957  0698                     u75:	
   958  0698  1003               	clrc
   959  0699  0DF1               	rlf	??_GPIO_PinDirection,f
   960  069A                     u74:	
   961  069A  3EFF               	addlw	-1
   962  069B  1D03               	skipz
   963  069C  2E98               	goto	u75
   964  069D  0871               	movf	??_GPIO_PinDirection,w
   965  069E  3AFF               	xorlw	255
   966  069F  00F2               	movwf	??_GPIO_PinDirection+1
   967  06A0  0872               	movf	??_GPIO_PinDirection+1,w
   968  06A1  1683               	bsf	3,5	;RP0=1, select bank1
   969  06A2  1303               	bcf	3,6	;RP1=0, select bank1
   970  06A3  0586               	andwf	6,f	;volatile
   971                           
   972                           ;gpio.c: 82: break;
   973  06A4  0008               	return
   974  06A5                     l575:	
   975                           ;gpio.c: 86: case 2:
   976                           
   977                           
   978                           ;gpio.c: 87: ((var_pinDirn_u8)? ((TRISC) |= (1<<(enm_pinNumber))): ((TRISC) &= ~(1<<(enm
      +                          _pinNumber))));
   979  06A5  0870               	movf	GPIO_PinDirection@var_pinDirn_u8,w
   980  06A6  1903               	btfsc	3,2
   981  06A7  2EB8               	goto	l579
   982  06A8  3001               	movlw	1
   983  06A9  00F1               	movwf	??_GPIO_PinDirection
   984  06AA  0A74               	incf	GPIO_PinDirection@enm_pinNumber,w
   985  06AB  2EAE               	goto	u94
   986  06AC                     u95:	
   987  06AC  1003               	clrc
   988  06AD  0DF1               	rlf	??_GPIO_PinDirection,f
   989  06AE                     u94:	
   990  06AE  3EFF               	addlw	-1
   991  06AF  1D03               	skipz
   992  06B0  2EAC               	goto	u95
   993  06B1  0871               	movf	??_GPIO_PinDirection,w
   994  06B2  00F2               	movwf	??_GPIO_PinDirection+1
   995  06B3  0872               	movf	??_GPIO_PinDirection+1,w
   996  06B4  1683               	bsf	3,5	;RP0=1, select bank1
   997  06B5  1303               	bcf	3,6	;RP1=0, select bank1
   998  06B6  0487               	iorwf	7,f	;volatile
   999  06B7  0008               	return
  1000  06B8                     l579:	
  1001  06B8  3001               	movlw	1
  1002  06B9  00F1               	movwf	??_GPIO_PinDirection
  1003  06BA  0A74               	incf	GPIO_PinDirection@enm_pinNumber,w
  1004  06BB  2EBE               	goto	u104
  1005  06BC                     u105:	
  1006  06BC  1003               	clrc
  1007  06BD  0DF1               	rlf	??_GPIO_PinDirection,f
  1008  06BE                     u104:	
  1009  06BE  3EFF               	addlw	-1
  1010  06BF  1D03               	skipz
  1011  06C0  2EBC               	goto	u105
  1012  06C1  0871               	movf	??_GPIO_PinDirection,w
  1013  06C2  3AFF               	xorlw	255
  1014  06C3  00F2               	movwf	??_GPIO_PinDirection+1
  1015  06C4  0872               	movf	??_GPIO_PinDirection+1,w
  1016  06C5  1683               	bsf	3,5	;RP0=1, select bank1
  1017  06C6  1303               	bcf	3,6	;RP1=0, select bank1
  1018  06C7  0587               	andwf	7,f	;volatile
  1019                           
  1020                           ;gpio.c: 88: break;
  1021  06C8  0008               	return
  1022  06C9                     l581:	
  1023                           ;gpio.c: 92: case 3:
  1024                           
  1025                           
  1026                           ;gpio.c: 93: ((var_pinDirn_u8)? ((TRISD) |= (1<<(enm_pinNumber))): ((TRISD) &= ~(1<<(enm
      +                          _pinNumber))));
  1027  06C9  0870               	movf	GPIO_PinDirection@var_pinDirn_u8,w
  1028  06CA  1903               	btfsc	3,2
  1029  06CB  2EDC               	goto	l585
  1030  06CC  3001               	movlw	1
  1031  06CD  00F1               	movwf	??_GPIO_PinDirection
  1032  06CE  0A74               	incf	GPIO_PinDirection@enm_pinNumber,w
  1033  06CF  2ED2               	goto	u124
  1034  06D0                     u125:	
  1035  06D0  1003               	clrc
  1036  06D1  0DF1               	rlf	??_GPIO_PinDirection,f
  1037  06D2                     u124:	
  1038  06D2  3EFF               	addlw	-1
  1039  06D3  1D03               	skipz
  1040  06D4  2ED0               	goto	u125
  1041  06D5  0871               	movf	??_GPIO_PinDirection,w
  1042  06D6  00F2               	movwf	??_GPIO_PinDirection+1
  1043  06D7  0872               	movf	??_GPIO_PinDirection+1,w
  1044  06D8  1683               	bsf	3,5	;RP0=1, select bank1
  1045  06D9  1303               	bcf	3,6	;RP1=0, select bank1
  1046  06DA  0488               	iorwf	8,f	;volatile
  1047  06DB  0008               	return
  1048  06DC                     l585:	
  1049  06DC  3001               	movlw	1
  1050  06DD  00F1               	movwf	??_GPIO_PinDirection
  1051  06DE  0A74               	incf	GPIO_PinDirection@enm_pinNumber,w
  1052  06DF  2EE2               	goto	u134
  1053  06E0                     u135:	
  1054  06E0  1003               	clrc
  1055  06E1  0DF1               	rlf	??_GPIO_PinDirection,f
  1056  06E2                     u134:	
  1057  06E2  3EFF               	addlw	-1
  1058  06E3  1D03               	skipz
  1059  06E4  2EE0               	goto	u135
  1060  06E5  0871               	movf	??_GPIO_PinDirection,w
  1061  06E6  3AFF               	xorlw	255
  1062  06E7  00F2               	movwf	??_GPIO_PinDirection+1
  1063  06E8  0872               	movf	??_GPIO_PinDirection+1,w
  1064  06E9  1683               	bsf	3,5	;RP0=1, select bank1
  1065  06EA  1303               	bcf	3,6	;RP1=0, select bank1
  1066  06EB  0588               	andwf	8,f	;volatile
  1067                           
  1068                           ;gpio.c: 94: break;
  1069  06EC  0008               	return
  1070  06ED                     l587:	
  1071                           ;gpio.c: 97: case 4:
  1072                           
  1073                           
  1074                           ;gpio.c: 98: ((var_pinDirn_u8)? ((TRISE) |= (1<<(enm_pinNumber))): ((TRISE) &= ~(1<<(enm
      +                          _pinNumber))));
  1075  06ED  0870               	movf	GPIO_PinDirection@var_pinDirn_u8,w
  1076  06EE  1903               	btfsc	3,2
  1077  06EF  2F00               	goto	l591
  1078  06F0  3001               	movlw	1
  1079  06F1  00F1               	movwf	??_GPIO_PinDirection
  1080  06F2  0A74               	incf	GPIO_PinDirection@enm_pinNumber,w
  1081  06F3  2EF6               	goto	u154
  1082  06F4                     u155:	
  1083  06F4  1003               	clrc
  1084  06F5  0DF1               	rlf	??_GPIO_PinDirection,f
  1085  06F6                     u154:	
  1086  06F6  3EFF               	addlw	-1
  1087  06F7  1D03               	skipz
  1088  06F8  2EF4               	goto	u155
  1089  06F9  0871               	movf	??_GPIO_PinDirection,w
  1090  06FA  00F2               	movwf	??_GPIO_PinDirection+1
  1091  06FB  0872               	movf	??_GPIO_PinDirection+1,w
  1092  06FC  1683               	bsf	3,5	;RP0=1, select bank1
  1093  06FD  1303               	bcf	3,6	;RP1=0, select bank1
  1094  06FE  0489               	iorwf	9,f	;volatile
  1095  06FF  0008               	return
  1096  0700                     l591:	
  1097  0700  3001               	movlw	1
  1098  0701  00F1               	movwf	??_GPIO_PinDirection
  1099  0702  0A74               	incf	GPIO_PinDirection@enm_pinNumber,w
  1100  0703  2F06               	goto	u164
  1101  0704                     u165:	
  1102  0704  1003               	clrc
  1103  0705  0DF1               	rlf	??_GPIO_PinDirection,f
  1104  0706                     u164:	
  1105  0706  3EFF               	addlw	-1
  1106  0707  1D03               	skipz
  1107  0708  2F04               	goto	u165
  1108  0709  0871               	movf	??_GPIO_PinDirection,w
  1109  070A  3AFF               	xorlw	255
  1110  070B  00F2               	movwf	??_GPIO_PinDirection+1
  1111  070C  0872               	movf	??_GPIO_PinDirection+1,w
  1112  070D  1683               	bsf	3,5	;RP0=1, select bank1
  1113  070E  1303               	bcf	3,6	;RP1=0, select bank1
  1114  070F  0589               	andwf	9,f	;volatile
  1115                           
  1116                           ;gpio.c: 101: }
  1117                           
  1118                           ;gpio.c: 99: break;
  1119  0710  0008               	return
  1120  0711                     l595:	
  1121  0711  0873               	movf	GPIO_PinDirection@var_portNumber_u8,w
  1122                           
  1123                           ; Switch size 1, requested type "space"
  1124                           ; Number of cases is 5, Range of values is 0 to 4
  1125                           ; switch strategies available:
  1126                           ; Name         Instructions Cycles
  1127                           ; simple_byte           16     9 (average)
  1128                           ; direct_byte           23     8 (fixed)
  1129                           ; jumptable            260     6 (fixed)
  1130                           ;	Chosen strategy is simple_byte
  1131  0712  3A00               	xorlw	0	; case 0
  1132  0713  1903               	skipnz
  1133  0714  2E5D               	goto	l563
  1134  0715  3A01               	xorlw	1	; case 1
  1135  0716  1903               	skipnz
  1136  0717  2E81               	goto	l569
  1137  0718  3A03               	xorlw	3	; case 2
  1138  0719  1903               	skipnz
  1139  071A  2EA5               	goto	l575
  1140  071B  3A01               	xorlw	1	; case 3
  1141  071C  1903               	skipnz
  1142  071D  2EC9               	goto	l581
  1143  071E  3A07               	xorlw	7	; case 4
  1144  071F  1903               	skipnz
  1145  0720  2EED               	goto	l587
  1146  0721  2F22               	goto	l62
  1147  0722                     l62:	
  1148  0722  0008               	return
  1149  0723                     __end_of_GPIO_PinDirection:	
  1150  007E                     btemp	set	126	;btemp
  1151  007E                     wtemp	set	126
  1152  007E                     wtemp0	set	126
  1153  0080                     wtemp1	set	128
  1154  0082                     wtemp2	set	130
  1155  0084                     wtemp3	set	132
  1156  0086                     wtemp4	set	134
  1157  0088                     wtemp5	set	136
  1158  007F                     wtemp6	set	127
  1159  007E                     ttemp	set	126
  1160  007E                     ttemp0	set	126
  1161  0081                     ttemp1	set	129
  1162  0084                     ttemp2	set	132
  1163  0087                     ttemp3	set	135
  1164  007F                     ttemp4	set	127
  1165  007E                     ltemp	set	126
  1166  007E                     ltemp0	set	126
  1167  0082                     ltemp1	set	130
  1168  0086                     ltemp2	set	134
  1169  0080                     ltemp3	set	128


Data Sizes:
    Strings     0
    Constant    0
    Data        0
    BSS         0
    Persistent  0
    Stack       0

Auto Spaces:
    Space          Size  Autos    Used
    COMMON           14      7       7
    BANK0            80      0       0
    BANK1            80      0       0
    BANK3            96      0       0
    BANK2            96      0       0

Pointer List with Targets:

    None.

Critical Paths under _main in COMMON

    _main->_GPIO_PinDirection
    _main->_GPIO_PinRead
    _main->_GPIO_PinWrite

Critical Paths under _main in BANK0

    None.

Critical Paths under _main in BANK1

    None.

Critical Paths under _main in BANK3

    None.

Critical Paths under _main in BANK2

    None.

Call Graph Tables:

 ---------------------------------------------------------------------------------
 (Depth) Function   	        Calls       Base Space   Used Autos Params    Refs
 ---------------------------------------------------------------------------------
 (0) _main                                                 2     2      0     819
                                              5 COMMON     2     2      0
                  _GPIO_PinDirection
                       _GPIO_PinRead
                      _GPIO_PinWrite
 ---------------------------------------------------------------------------------
 (1) _GPIO_PinWrite                                        5     4      1     313
                                              0 COMMON     5     4      1
 ---------------------------------------------------------------------------------
 (1) _GPIO_PinRead                                         5     5      0     135
                                              0 COMMON     5     5      0
 ---------------------------------------------------------------------------------
 (1) _GPIO_PinDirection                                    5     4      1     356
                                              0 COMMON     5     4      1
 ---------------------------------------------------------------------------------
 Estimated maximum stack depth 1
 ---------------------------------------------------------------------------------

 Call Graph Graphs:

 _main (ROOT)
   _GPIO_PinDirection
   _GPIO_PinRead
   _GPIO_PinWrite

 Address spaces:
Name               Size   Autos  Total    Cost      Usage
BITCOMMON            E      0       0       0        0.0%
EEDATA             100      0       0       0        0.0%
NULL                 0      0       0       0        0.0%
CODE                 0      0       0       0        0.0%
COMMON               E      7       7       1       50.0%
BITSFR0              0      0       0       1        0.0%
SFR0                 0      0       0       1        0.0%
BITSFR1              0      0       0       2        0.0%
SFR1                 0      0       0       2        0.0%
STACK                0      0       0       2        0.0%
ABS                  0      0       0       3        0.0%
BITBANK0            50      0       0       4        0.0%
BITSFR3              0      0       0       4        0.0%
SFR3                 0      0       0       4        0.0%
BANK0               50      0       0       5        0.0%
BITSFR2              0      0       0       5        0.0%
SFR2                 0      0       0       5        0.0%
BITBANK1            50      0       0       6        0.0%
BANK1               50      0       0       7        0.0%
BITBANK3            60      0       0       8        0.0%
BANK3               60      0       0       9        0.0%
BITBANK2            60      0       0      10        0.0%
BANK2               60      0       0      11        0.0%
DATA                 0      0       0      12        0.0%


Microchip Technology PIC Macro Assembler V1.32 build 58300 
Symbol Table                                                                                   Wed Apr 27 15:20:11 2016

                                 l9 05C3                         __CFG_CP$OFF 0000  
                                l62 0722                                  l92 07FB  
                                u15 064E                                  u34 0666  
                                u35 0664                                  u44 0676  
                                u45 0674                                  u64 068A  
                                u65 0688                                  u74 069A  
                                u75 0698                                  u94 06AE  
                                u95 06AC                         __CFG_LVP$ON 0000  
                               l611 0623                                 l603 05EB  
                               l605 05F9                                 l607 0607  
                               l615 0637                                 l631 075A  
                               l609 0615                                 l617 0648  
                               l641 0791                                 l625 0736  
                               l563 065D                                 l643 07A2  
                               l635 076D                                 l581 06C9  
                               l573 0694                                 l653 07D9  
                               l637 077E                                 l629 0749  
                               l591 0700                                 l575 06A5  
                               l567 0670                                 l647 07B5  
                               l585 06DC                                 l569 0681  
                               l649 07C6                                 l657 07EA  
                               l587 06ED                                 l579 06B8  
                               l595 0711                                 u104 06BE  
                               u105 06BC                                 u124 06D2  
                               u204 060D                                 u125 06D0  
                               u205 060B                                 u134 06E2  
                               u214 061B                                 u135 06E0  
                               u215 0619                                 u224 0629  
                               u225 0627                                 u154 06F6  
                               u314 0787                                 u155 06F4  
                               u315 0785                                 u235 0727  
                               u164 0706                                 u324 0797  
                               u165 0704                                 u325 0795  
                               u254 073F                                 u175 05DC  
                               u255 073D                                 u184 05F1  
                               u344 07AB                                 u264 074F  
                               u185 05EF                                 u345 07A9  
                               u265 074D                                 u194 05FF  
                               u354 07BB                        __CFG_CPD$OFF 0000  
                               u195 05FD                                 u355 07B9  
                               u284 0763                                 u285 0761  
                               u374 07CF                                 u294 0773  
                               u375 07CD                                 u295 0771  
                               u384 07DF                                 u385 07DD  
                      __CFG_FOSC$HS 0000                        __CFG_WRT$OFF 0000  
                              _main 05B4                                btemp 007E  
                              ltemp 007E                                start 0000  
                              ttemp 007E                                wtemp 007E  
                     ?_GPIO_PinRead 0070                       _GPIO_PinWrite 0723  
                             ?_main 0070                       __CFG_WDTE$OFF 0000  
                             _PORTA 0005                               _PORTB 0006  
                             _PORTC 0007                               _PORTD 0008  
                             _PORTE 0009                               _TRISA 0085  
                             _TRISB 0086                               _TRISC 0087  
                             _TRISD 0088                               _TRISE 0089  
                    __CFG_BOREN$OFF 0000                               ltemp0 007E  
                             ltemp1 0082                               ltemp2 0086  
                             ltemp3 0080                               ttemp0 007E  
                             ttemp1 0081                               ttemp2 0084  
                             ttemp3 0087                               ttemp4 007F  
                             status 0003                               wtemp0 007E  
                             wtemp1 0080                               wtemp2 0082  
                             wtemp3 0084                               wtemp4 0086  
                             wtemp5 0088                               wtemp6 007F  
                    ??_GPIO_PinRead 0070                     __initialization 07FC  
        GPIO_PinWrite@enm_pinNumber 0074                        __end_of_main 05D7  
                    ?_GPIO_PinWrite 0070                   _GPIO_PinDirection 064A  
                            ??_main 0075                  ?_GPIO_PinDirection 0070  
               ??_GPIO_PinDirection 0071                      __CFG_PWRTE$OFF 0000  
         GPIO_PinRead@enm_pinNumber 0074           __end_of_GPIO_PinDirection 0723  
    GPIO_PinDirection@enm_pinNumber 0074             __end_of__initialization 07FC  
                   ??_GPIO_PinWrite 0071                      __pcstackCOMMON 0070  
              __end_of_GPIO_PinRead 064A      GPIO_PinWrite@var_portNumber_u8 0073  
      GPIO_PinWrite@var_pinValue_u8 0070                          __pmaintext 05B4  
        __size_of_GPIO_PinDirection 00D9                             __ptext0 0000  
                           __ptext1 0723                             __ptext2 05D7  
                           __ptext3 064A                end_of_initialization 07FC  
             __size_of_GPIO_PinRead 0073  GPIO_PinDirection@var_portNumber_u8 0073  
                      _GPIO_PinRead 05D7                 start_initialization 07FC  
     GPIO_PinRead@var_portNumber_u8 0072     GPIO_PinDirection@var_pinDirn_u8 0070  
             __end_of_GPIO_PinWrite 07FC                           ___latbits 0002  
          GPIO_PinRead@returnStatus 0073                           main@value 0076  
                     __size_of_main 0023              __size_of_GPIO_PinWrite 00D9  
