

Microchip Technology PIC LITE Macro Assembler V1.32 build 58300 
                                                                                               Wed Apr 27 18:49:24 2016

Microchip Technology Omniscient Code Generator (Lite mode) build 58300
     1                           	processor	16F877A
     2                           	opt	pw 120
     3                           	opt	lm
     4                           	psect	text0,local,class=CODE,merge=1,delta=2
     5                           	psect	cinit,global,class=CODE,merge=1,delta=2
     6                           	psect	cstackCOMMON,global,class=COMMON,space=1,delta=1
     7                           	psect	maintext,global,class=CODE,split=1,delta=2
     8                           	psect	text1,local,class=CODE,merge=1,delta=2
     9                           	psect	text2,local,class=CODE,merge=1,delta=2
    10                           	psect	text3,local,class=CODE,merge=1,delta=2
    11                           	dabs	1,0x7E,2
    12  0000                     	;# 
    13  0001                     	;# 
    14  0002                     	;# 
    15  0003                     	;# 
    16  0004                     	;# 
    17  0005                     	;# 
    18  0006                     	;# 
    19  0007                     	;# 
    20  0008                     	;# 
    21  0009                     	;# 
    22  000A                     	;# 
    23  000B                     	;# 
    24  000C                     	;# 
    25  000D                     	;# 
    26  000E                     	;# 
    27  000E                     	;# 
    28  000F                     	;# 
    29  0010                     	;# 
    30  0011                     	;# 
    31  0012                     	;# 
    32  0013                     	;# 
    33  0014                     	;# 
    34  0015                     	;# 
    35  0015                     	;# 
    36  0016                     	;# 
    37  0017                     	;# 
    38  0018                     	;# 
    39  0019                     	;# 
    40  001A                     	;# 
    41  001B                     	;# 
    42  001B                     	;# 
    43  001C                     	;# 
    44  001D                     	;# 
    45  001E                     	;# 
    46  001F                     	;# 
    47  0081                     	;# 
    48  0085                     	;# 
    49  0086                     	;# 
    50  0087                     	;# 
    51  0088                     	;# 
    52  0089                     	;# 
    53  008C                     	;# 
    54  008D                     	;# 
    55  008E                     	;# 
    56  0091                     	;# 
    57  0092                     	;# 
    58  0093                     	;# 
    59  0094                     	;# 
    60  0098                     	;# 
    61  0099                     	;# 
    62  009C                     	;# 
    63  009D                     	;# 
    64  009E                     	;# 
    65  009F                     	;# 
    66  010C                     	;# 
    67  010D                     	;# 
    68  010E                     	;# 
    69  010F                     	;# 
    70  018C                     	;# 
    71  018D                     	;# 
    72  0005                     _PORTA	set	5
    73  0006                     _PORTB	set	6
    74  0007                     _PORTC	set	7
    75  0008                     _PORTD	set	8
    76  0009                     _PORTE	set	9
    77  0085                     _TRISA	set	133
    78  0086                     _TRISB	set	134
    79  0087                     _TRISC	set	135
    80  0088                     _TRISD	set	136
    81  0089                     _TRISE	set	137
    82                           
    83                           	psect	text0
    84  0000                     __ptext0:	
    85                           ; #config settings
    86                           
    87                           
    88                           ;psect for function _GPIO_PinDirection
    89  0000                     
    90                           	psect	cinit
    91  07FC                     start_initialization:	
    92  07FC                     __initialization:	
    93  07FC                     end_of_initialization:	
    94                           ;End of C runtime variable initialization code
    95                           
    96  07FC                     __end_of__initialization:	
    97  07FC  0183               	clrf	3
    98  07FD  120A  118A  2DB1   	ljmp	_main	;jump to C main() function
    99                           
   100                           	psect	cstackCOMMON
   101  0070                     __pcstackCOMMON:	
   102  0070                     ?_GPIO_PinDirection:	
   103  0070                     ??_GPIO_PinRead:	
   104                           ; 0 bytes @ 0x0
   105                           
   106  0070                     ?_GPIO_PinWrite:	
   107                           ; 0 bytes @ 0x0
   108                           
   109  0070                     ?_main:	
   110                           ; 0 bytes @ 0x0
   111                           
   112  0070                     ?_GPIO_PinRead:	
   113                           ; 0 bytes @ 0x0
   114                           
   115  0070                     GPIO_PinDirection@var_pinDirn_u8:	
   116                           ; 1 bytes @ 0x0
   117                           
   118  0070                     GPIO_PinWrite@var_pinValue_u8:	
   119                           ; 1 bytes @ 0x0
   120                           
   121                           
   122                           ; 1 bytes @ 0x0
   123  0070                     	ds	1
   124  0071                     ??_GPIO_PinDirection:	
   125  0071                     ??_GPIO_PinWrite:	
   126                           ; 0 bytes @ 0x1
   127                           
   128                           
   129                           ; 0 bytes @ 0x1
   130  0071                     	ds	1
   131  0072                     GPIO_PinRead@var_portNumber_u8:	
   132                           
   133                           ; 1 bytes @ 0x2
   134  0072                     	ds	1
   135  0073                     GPIO_PinDirection@var_portNumber_u8:	
   136  0073                     GPIO_PinWrite@var_portNumber_u8:	
   137                           ; 1 bytes @ 0x3
   138                           
   139  0073                     GPIO_PinRead@returnStatus:	
   140                           ; 1 bytes @ 0x3
   141                           
   142                           
   143                           ; 1 bytes @ 0x3
   144  0073                     	ds	1
   145  0074                     GPIO_PinDirection@enm_pinNumber:	
   146  0074                     GPIO_PinWrite@enm_pinNumber:	
   147                           ; 1 bytes @ 0x4
   148                           
   149  0074                     GPIO_PinRead@enm_pinNumber:	
   150                           ; 1 bytes @ 0x4
   151                           
   152                           
   153                           ; 1 bytes @ 0x4
   154  0074                     	ds	1
   155  0075                     ??_main:	
   156                           
   157                           ; 0 bytes @ 0x5
   158  0075                     	ds	1
   159  0076                     main@value:	
   160                           
   161                           ; 1 bytes @ 0x6
   162  0076                     	ds	1
   163                           
   164                           	psect	maintext
   165  05B1                     __pmaintext:	
   166 ;;
   167 ;;Main: autosize = 0, tempsize = 1, incstack = 0, save=0
   168 ;;
   169 ;; *************** function _main *****************
   170 ;; Defined at:
   171 ;;		line 14 in file "Relay.c"
   172 ;; Parameters:    Size  Location     Type
   173 ;;		None
   174 ;; Auto vars:     Size  Location     Type
   175 ;;  value           1    6[COMMON] unsigned char 
   176 ;; Return value:  Size  Location     Type
   177 ;;		None               void
   178 ;; Registers used:
   179 ;;		wreg, fsr0l, fsr0h, status,2, status,0, pclath, cstack
   180 ;; Tracked objects:
   181 ;;		On entry : 17F/0
   182 ;;		On exit  : 0/0
   183 ;;		Unchanged: 0/0
   184 ;; Data sizes:     COMMON   BANK0   BANK1   BANK3   BANK2
   185 ;;      Params:         0       0       0       0       0
   186 ;;      Locals:         1       0       0       0       0
   187 ;;      Temps:          1       0       0       0       0
   188 ;;      Totals:         2       0       0       0       0
   189 ;;Total ram usage:        2 bytes
   190 ;; Hardware stack levels required when called:    1
   191 ;; This function calls:
   192 ;;		_GPIO_PinDirection
   193 ;;		_GPIO_PinRead
   194 ;;		_GPIO_PinWrite
   195 ;; This function is called by:
   196 ;;		Startup code after reset
   197 ;; This function uses a non-reentrant model
   198 ;;
   199                           
   200                           
   201                           ;psect for function _main
   202  05B1                     _main:	
   203                           
   204                           ;Relay.c: 16: uint8_t value;
   205                           ;Relay.c: 18: GPIO_PinDirection(PD_2,0x01u);
   206                           
   207                           ;incstack = 0
   208                           ; Regs used in _main: [wreg-fsr0h+status,2+status,0+pclath+cstack]
   209  05B1  01F0               	clrf	GPIO_PinDirection@var_pinDirn_u8
   210  05B2  0AF0               	incf	GPIO_PinDirection@var_pinDirn_u8,f
   211  05B3  301A               	movlw	26
   212  05B4  120A  118A  264A  120A  118A  	fcall	_GPIO_PinDirection
   213                           
   214                           ;Relay.c: 19: GPIO_PinDirection(PD_0,0x00u);
   215  05B9  01F0               	clrf	GPIO_PinDirection@var_pinDirn_u8
   216  05BA  3018               	movlw	24
   217  05BB  120A  118A  264A  120A  118A  	fcall	_GPIO_PinDirection
   218  05C0                     l9:	
   219                           ;Relay.c: 21: while(1)
   220                           
   221                           
   222                           ;Relay.c: 22: {
   223                           ;Relay.c: 24: value = GPIO_PinRead(PD_2);
   224  05C0  301A               	movlw	26
   225  05C1  120A  118A  25D7  120A  118A  	fcall	_GPIO_PinRead
   226  05C6  00F5               	movwf	??_main
   227  05C7  0875               	movf	??_main,w
   228  05C8  00F6               	movwf	main@value
   229                           
   230                           ;Relay.c: 25: GPIO_PinWrite(PD_0,!value);
   231  05C9  08F6               	movf	main@value,f
   232  05CA  3000               	movlw	0
   233  05CB  1903               	skipnz
   234  05CC  3001               	movlw	1
   235  05CD  00F5               	movwf	??_main
   236  05CE  0875               	movf	??_main,w
   237  05CF  00F0               	movwf	GPIO_PinWrite@var_pinValue_u8
   238  05D0  3018               	movlw	24
   239  05D1  120A  118A  2723  120A  118A  	fcall	_GPIO_PinWrite
   240  05D6  2DC0               	goto	l9
   241  05D7                     __end_of_main:	
   242                           
   243                           	psect	text1
   244  0723                     __ptext1:	
   245 ;; *************** function _GPIO_PinWrite *****************
   246 ;; Defined at:
   247 ;;		line 127 in file "../../SampleCode/00-libfiles/gpio.c"
   248 ;; Parameters:    Size  Location     Type
   249 ;;  enm_pinNumbe    1    wreg     enum E1088
   250 ;;  var_pinValue    1    0[COMMON] unsigned char 
   251 ;; Auto vars:     Size  Location     Type
   252 ;;  enm_pinNumbe    1    4[COMMON] enum E1088
   253 ;;  var_portNumb    1    3[COMMON] unsigned char 
   254 ;; Return value:  Size  Location     Type
   255 ;;		None               void
   256 ;; Registers used:
   257 ;;		wreg, fsr0l, fsr0h, status,2, status,0
   258 ;; Tracked objects:
   259 ;;		On entry : 0/0
   260 ;;		On exit  : 0/0
   261 ;;		Unchanged: 0/0
   262 ;; Data sizes:     COMMON   BANK0   BANK1   BANK3   BANK2
   263 ;;      Params:         1       0       0       0       0
   264 ;;      Locals:         2       0       0       0       0
   265 ;;      Temps:          2       0       0       0       0
   266 ;;      Totals:         5       0       0       0       0
   267 ;;Total ram usage:        5 bytes
   268 ;; Hardware stack levels used:    1
   269 ;; This function calls:
   270 ;;		Nothing
   271 ;; This function is called by:
   272 ;;		_main
   273 ;; This function uses a non-reentrant model
   274 ;;
   275                           
   276                           
   277                           ;psect for function _GPIO_PinWrite
   278  0723                     _GPIO_PinWrite:	
   279                           
   280                           ;incstack = 0
   281                           ; Regs used in _GPIO_PinWrite: [wreg-fsr0h+status,2+status,0]
   282                           ;GPIO_PinWrite@enm_pinNumber stored from wreg
   283  0723  00F4               	movwf	GPIO_PinWrite@enm_pinNumber
   284                           
   285                           ;gpio.c: 130: uint8_t var_portNumber_u8;
   286                           ;gpio.c: 133: var_portNumber_u8 = (enm_pinNumber>>3);
   287  0724  0874               	movf	GPIO_PinWrite@enm_pinNumber,w
   288  0725  00F1               	movwf	??_GPIO_PinWrite
   289  0726  3003               	movlw	3
   290  0727                     u235:	
   291  0727  1003               	clrc
   292  0728  0CF1               	rrf	??_GPIO_PinWrite,f
   293  0729  3EFF               	addlw	-1
   294  072A  1D03               	skipz
   295  072B  2F27               	goto	u235
   296  072C  0871               	movf	??_GPIO_PinWrite,w
   297  072D  00F2               	movwf	??_GPIO_PinWrite+1
   298  072E  0872               	movf	??_GPIO_PinWrite+1,w
   299  072F  00F3               	movwf	GPIO_PinWrite@var_portNumber_u8
   300                           
   301                           ;gpio.c: 134: enm_pinNumber = enm_pinNumber & 0x07;
   302  0730  0874               	movf	GPIO_PinWrite@enm_pinNumber,w
   303  0731  3907               	andlw	7
   304  0732  00F1               	movwf	??_GPIO_PinWrite
   305  0733  0871               	movf	??_GPIO_PinWrite,w
   306  0734  00F4               	movwf	GPIO_PinWrite@enm_pinNumber
   307                           
   308                           ;gpio.c: 138: switch(var_portNumber_u8)
   309  0735  2FEA               	goto	l657
   310  0736                     l625:	
   311                           ;gpio.c: 139: {
   312                           ;gpio.c: 141: case 0:
   313                           
   314                           
   315                           ;gpio.c: 142: ((var_pinValue_u8)? ((PORTA) |= (1<<(enm_pinNumber))): ((PORTA) &= ~(1<<(e
      +                          nm_pinNumber))));
   316  0736  0870               	movf	GPIO_PinWrite@var_pinValue_u8,w
   317  0737  1903               	btfsc	3,2
   318  0738  2F49               	goto	l629
   319  0739  3001               	movlw	1
   320  073A  00F1               	movwf	??_GPIO_PinWrite
   321  073B  0A74               	incf	GPIO_PinWrite@enm_pinNumber,w
   322  073C  2F3F               	goto	u254
   323  073D                     u255:	
   324  073D  1003               	clrc
   325  073E  0DF1               	rlf	??_GPIO_PinWrite,f
   326  073F                     u254:	
   327  073F  3EFF               	addlw	-1
   328  0740  1D03               	skipz
   329  0741  2F3D               	goto	u255
   330  0742  0871               	movf	??_GPIO_PinWrite,w
   331  0743  00F2               	movwf	??_GPIO_PinWrite+1
   332  0744  0872               	movf	??_GPIO_PinWrite+1,w
   333  0745  1283               	bcf	3,5	;RP0=0, select bank0
   334  0746  1303               	bcf	3,6	;RP1=0, select bank0
   335  0747  0485               	iorwf	5,f	;volatile
   336  0748  0008               	return
   337  0749                     l629:	
   338  0749  3001               	movlw	1
   339  074A  00F1               	movwf	??_GPIO_PinWrite
   340  074B  0A74               	incf	GPIO_PinWrite@enm_pinNumber,w
   341  074C  2F4F               	goto	u264
   342  074D                     u265:	
   343  074D  1003               	clrc
   344  074E  0DF1               	rlf	??_GPIO_PinWrite,f
   345  074F                     u264:	
   346  074F  3EFF               	addlw	-1
   347  0750  1D03               	skipz
   348  0751  2F4D               	goto	u265
   349  0752  0871               	movf	??_GPIO_PinWrite,w
   350  0753  3AFF               	xorlw	255
   351  0754  00F2               	movwf	??_GPIO_PinWrite+1
   352  0755  0872               	movf	??_GPIO_PinWrite+1,w
   353  0756  1283               	bcf	3,5	;RP0=0, select bank0
   354  0757  1303               	bcf	3,6	;RP1=0, select bank0
   355  0758  0585               	andwf	5,f	;volatile
   356                           
   357                           ;gpio.c: 143: break;
   358  0759  0008               	return
   359  075A                     l631:	
   360                           ;gpio.c: 147: case 1:
   361                           
   362                           
   363                           ;gpio.c: 148: ((var_pinValue_u8)? ((PORTB) |= (1<<(enm_pinNumber))): ((PORTB) &= ~(1<<(e
      +                          nm_pinNumber))));
   364  075A  0870               	movf	GPIO_PinWrite@var_pinValue_u8,w
   365  075B  1903               	btfsc	3,2
   366  075C  2F6D               	goto	l635
   367  075D  3001               	movlw	1
   368  075E  00F1               	movwf	??_GPIO_PinWrite
   369  075F  0A74               	incf	GPIO_PinWrite@enm_pinNumber,w
   370  0760  2F63               	goto	u284
   371  0761                     u285:	
   372  0761  1003               	clrc
   373  0762  0DF1               	rlf	??_GPIO_PinWrite,f
   374  0763                     u284:	
   375  0763  3EFF               	addlw	-1
   376  0764  1D03               	skipz
   377  0765  2F61               	goto	u285
   378  0766  0871               	movf	??_GPIO_PinWrite,w
   379  0767  00F2               	movwf	??_GPIO_PinWrite+1
   380  0768  0872               	movf	??_GPIO_PinWrite+1,w
   381  0769  1283               	bcf	3,5	;RP0=0, select bank0
   382  076A  1303               	bcf	3,6	;RP1=0, select bank0
   383  076B  0486               	iorwf	6,f	;volatile
   384  076C  0008               	return
   385  076D                     l635:	
   386  076D  3001               	movlw	1
   387  076E  00F1               	movwf	??_GPIO_PinWrite
   388  076F  0A74               	incf	GPIO_PinWrite@enm_pinNumber,w
   389  0770  2F73               	goto	u294
   390  0771                     u295:	
   391  0771  1003               	clrc
   392  0772  0DF1               	rlf	??_GPIO_PinWrite,f
   393  0773                     u294:	
   394  0773  3EFF               	addlw	-1
   395  0774  1D03               	skipz
   396  0775  2F71               	goto	u295
   397  0776  0871               	movf	??_GPIO_PinWrite,w
   398  0777  3AFF               	xorlw	255
   399  0778  00F2               	movwf	??_GPIO_PinWrite+1
   400  0779  0872               	movf	??_GPIO_PinWrite+1,w
   401  077A  1283               	bcf	3,5	;RP0=0, select bank0
   402  077B  1303               	bcf	3,6	;RP1=0, select bank0
   403  077C  0586               	andwf	6,f	;volatile
   404                           
   405                           ;gpio.c: 149: break;
   406  077D  0008               	return
   407  077E                     l637:	
   408                           ;gpio.c: 153: case 2:
   409                           
   410                           
   411                           ;gpio.c: 154: ((var_pinValue_u8)? ((PORTC) |= (1<<(enm_pinNumber))): ((PORTC) &= ~(1<<(e
      +                          nm_pinNumber))));
   412  077E  0870               	movf	GPIO_PinWrite@var_pinValue_u8,w
   413  077F  1903               	btfsc	3,2
   414  0780  2F91               	goto	l641
   415  0781  3001               	movlw	1
   416  0782  00F1               	movwf	??_GPIO_PinWrite
   417  0783  0A74               	incf	GPIO_PinWrite@enm_pinNumber,w
   418  0784  2F87               	goto	u314
   419  0785                     u315:	
   420  0785  1003               	clrc
   421  0786  0DF1               	rlf	??_GPIO_PinWrite,f
   422  0787                     u314:	
   423  0787  3EFF               	addlw	-1
   424  0788  1D03               	skipz
   425  0789  2F85               	goto	u315
   426  078A  0871               	movf	??_GPIO_PinWrite,w
   427  078B  00F2               	movwf	??_GPIO_PinWrite+1
   428  078C  0872               	movf	??_GPIO_PinWrite+1,w
   429  078D  1283               	bcf	3,5	;RP0=0, select bank0
   430  078E  1303               	bcf	3,6	;RP1=0, select bank0
   431  078F  0487               	iorwf	7,f	;volatile
   432  0790  0008               	return
   433  0791                     l641:	
   434  0791  3001               	movlw	1
   435  0792  00F1               	movwf	??_GPIO_PinWrite
   436  0793  0A74               	incf	GPIO_PinWrite@enm_pinNumber,w
   437  0794  2F97               	goto	u324
   438  0795                     u325:	
   439  0795  1003               	clrc
   440  0796  0DF1               	rlf	??_GPIO_PinWrite,f
   441  0797                     u324:	
   442  0797  3EFF               	addlw	-1
   443  0798  1D03               	skipz
   444  0799  2F95               	goto	u325
   445  079A  0871               	movf	??_GPIO_PinWrite,w
   446  079B  3AFF               	xorlw	255
   447  079C  00F2               	movwf	??_GPIO_PinWrite+1
   448  079D  0872               	movf	??_GPIO_PinWrite+1,w
   449  079E  1283               	bcf	3,5	;RP0=0, select bank0
   450  079F  1303               	bcf	3,6	;RP1=0, select bank0
   451  07A0  0587               	andwf	7,f	;volatile
   452                           
   453                           ;gpio.c: 155: break;
   454  07A1  0008               	return
   455  07A2                     l643:	
   456                           ;gpio.c: 159: case 3:
   457                           
   458                           
   459                           ;gpio.c: 160: ((var_pinValue_u8)? ((PORTD) |= (1<<(enm_pinNumber))): ((PORTD) &= ~(1<<(e
      +                          nm_pinNumber))));
   460  07A2  0870               	movf	GPIO_PinWrite@var_pinValue_u8,w
   461  07A3  1903               	btfsc	3,2
   462  07A4  2FB5               	goto	l647
   463  07A5  3001               	movlw	1
   464  07A6  00F1               	movwf	??_GPIO_PinWrite
   465  07A7  0A74               	incf	GPIO_PinWrite@enm_pinNumber,w
   466  07A8  2FAB               	goto	u344
   467  07A9                     u345:	
   468  07A9  1003               	clrc
   469  07AA  0DF1               	rlf	??_GPIO_PinWrite,f
   470  07AB                     u344:	
   471  07AB  3EFF               	addlw	-1
   472  07AC  1D03               	skipz
   473  07AD  2FA9               	goto	u345
   474  07AE  0871               	movf	??_GPIO_PinWrite,w
   475  07AF  00F2               	movwf	??_GPIO_PinWrite+1
   476  07B0  0872               	movf	??_GPIO_PinWrite+1,w
   477  07B1  1283               	bcf	3,5	;RP0=0, select bank0
   478  07B2  1303               	bcf	3,6	;RP1=0, select bank0
   479  07B3  0488               	iorwf	8,f	;volatile
   480  07B4  0008               	return
   481  07B5                     l647:	
   482  07B5  3001               	movlw	1
   483  07B6  00F1               	movwf	??_GPIO_PinWrite
   484  07B7  0A74               	incf	GPIO_PinWrite@enm_pinNumber,w
   485  07B8  2FBB               	goto	u354
   486  07B9                     u355:	
   487  07B9  1003               	clrc
   488  07BA  0DF1               	rlf	??_GPIO_PinWrite,f
   489  07BB                     u354:	
   490  07BB  3EFF               	addlw	-1
   491  07BC  1D03               	skipz
   492  07BD  2FB9               	goto	u355
   493  07BE  0871               	movf	??_GPIO_PinWrite,w
   494  07BF  3AFF               	xorlw	255
   495  07C0  00F2               	movwf	??_GPIO_PinWrite+1
   496  07C1  0872               	movf	??_GPIO_PinWrite+1,w
   497  07C2  1283               	bcf	3,5	;RP0=0, select bank0
   498  07C3  1303               	bcf	3,6	;RP1=0, select bank0
   499  07C4  0588               	andwf	8,f	;volatile
   500                           
   501                           ;gpio.c: 161: break;
   502  07C5  0008               	return
   503  07C6                     l649:	
   504                           ;gpio.c: 165: case 4:
   505                           
   506                           
   507                           ;gpio.c: 166: ((var_pinValue_u8)? ((PORTE) |= (1<<(enm_pinNumber))): ((PORTE) &= ~(1<<(e
      +                          nm_pinNumber))));
   508  07C6  0870               	movf	GPIO_PinWrite@var_pinValue_u8,w
   509  07C7  1903               	btfsc	3,2
   510  07C8  2FD9               	goto	l653
   511  07C9  3001               	movlw	1
   512  07CA  00F1               	movwf	??_GPIO_PinWrite
   513  07CB  0A74               	incf	GPIO_PinWrite@enm_pinNumber,w
   514  07CC  2FCF               	goto	u374
   515  07CD                     u375:	
   516  07CD  1003               	clrc
   517  07CE  0DF1               	rlf	??_GPIO_PinWrite,f
   518  07CF                     u374:	
   519  07CF  3EFF               	addlw	-1
   520  07D0  1D03               	skipz
   521  07D1  2FCD               	goto	u375
   522  07D2  0871               	movf	??_GPIO_PinWrite,w
   523  07D3  00F2               	movwf	??_GPIO_PinWrite+1
   524  07D4  0872               	movf	??_GPIO_PinWrite+1,w
   525  07D5  1283               	bcf	3,5	;RP0=0, select bank0
   526  07D6  1303               	bcf	3,6	;RP1=0, select bank0
   527  07D7  0489               	iorwf	9,f	;volatile
   528  07D8  0008               	return
   529  07D9                     l653:	
   530  07D9  3001               	movlw	1
   531  07DA  00F1               	movwf	??_GPIO_PinWrite
   532  07DB  0A74               	incf	GPIO_PinWrite@enm_pinNumber,w
   533  07DC  2FDF               	goto	u384
   534  07DD                     u385:	
   535  07DD  1003               	clrc
   536  07DE  0DF1               	rlf	??_GPIO_PinWrite,f
   537  07DF                     u384:	
   538  07DF  3EFF               	addlw	-1
   539  07E0  1D03               	skipz
   540  07E1  2FDD               	goto	u385
   541  07E2  0871               	movf	??_GPIO_PinWrite,w
   542  07E3  3AFF               	xorlw	255
   543  07E4  00F2               	movwf	??_GPIO_PinWrite+1
   544  07E5  0872               	movf	??_GPIO_PinWrite+1,w
   545  07E6  1283               	bcf	3,5	;RP0=0, select bank0
   546  07E7  1303               	bcf	3,6	;RP1=0, select bank0
   547  07E8  0589               	andwf	9,f	;volatile
   548                           
   549                           ;gpio.c: 169: }
   550                           
   551                           ;gpio.c: 167: break;
   552  07E9  0008               	return
   553  07EA                     l657:	
   554  07EA  0873               	movf	GPIO_PinWrite@var_portNumber_u8,w
   555                           
   556                           ; Switch size 1, requested type "space"
   557                           ; Number of cases is 5, Range of values is 0 to 4
   558                           ; switch strategies available:
   559                           ; Name         Instructions Cycles
   560                           ; simple_byte           16     9 (average)
   561                           ; direct_byte           23     8 (fixed)
   562                           ; jumptable            260     6 (fixed)
   563                           ;	Chosen strategy is simple_byte
   564  07EB  3A00               	xorlw	0	; case 0
   565  07EC  1903               	skipnz
   566  07ED  2F36               	goto	l625
   567  07EE  3A01               	xorlw	1	; case 1
   568  07EF  1903               	skipnz
   569  07F0  2F5A               	goto	l631
   570  07F1  3A03               	xorlw	3	; case 2
   571  07F2  1903               	skipnz
   572  07F3  2F7E               	goto	l637
   573  07F4  3A01               	xorlw	1	; case 3
   574  07F5  1903               	skipnz
   575  07F6  2FA2               	goto	l643
   576  07F7  3A07               	xorlw	7	; case 4
   577  07F8  1903               	skipnz
   578  07F9  2FC6               	goto	l649
   579  07FA  2FFB               	goto	l92
   580  07FB                     l92:	
   581  07FB  0008               	return
   582  07FC                     __end_of_GPIO_PinWrite:	
   583                           
   584                           	psect	text2
   585  05D7                     __ptext2:	
   586 ;; *************** function _GPIO_PinRead *****************
   587 ;; Defined at:
   588 ;;		line 192 in file "../../SampleCode/00-libfiles/gpio.c"
   589 ;; Parameters:    Size  Location     Type
   590 ;;  enm_pinNumbe    1    wreg     enum E1088
   591 ;; Auto vars:     Size  Location     Type
   592 ;;  enm_pinNumbe    1    4[COMMON] enum E1088
   593 ;;  returnStatus    1    3[COMMON] unsigned char 
   594 ;;  var_portNumb    1    2[COMMON] unsigned char 
   595 ;; Return value:  Size  Location     Type
   596 ;;                  1    wreg      unsigned char 
   597 ;; Registers used:
   598 ;;		wreg, fsr0l, fsr0h, status,2, status,0
   599 ;; Tracked objects:
   600 ;;		On entry : 0/0
   601 ;;		On exit  : 0/0
   602 ;;		Unchanged: 0/0
   603 ;; Data sizes:     COMMON   BANK0   BANK1   BANK3   BANK2
   604 ;;      Params:         0       0       0       0       0
   605 ;;      Locals:         3       0       0       0       0
   606 ;;      Temps:          2       0       0       0       0
   607 ;;      Totals:         5       0       0       0       0
   608 ;;Total ram usage:        5 bytes
   609 ;; Hardware stack levels used:    1
   610 ;; This function calls:
   611 ;;		Nothing
   612 ;; This function is called by:
   613 ;;		_main
   614 ;; This function uses a non-reentrant model
   615 ;;
   616                           
   617                           
   618                           ;psect for function _GPIO_PinRead
   619  05D7                     _GPIO_PinRead:	
   620                           
   621                           ;incstack = 0
   622                           ; Regs used in _GPIO_PinRead: [wreg-fsr0h+status,2+status,0]
   623                           ;GPIO_PinRead@enm_pinNumber stored from wreg
   624  05D7  00F4               	movwf	GPIO_PinRead@enm_pinNumber
   625                           
   626                           ;gpio.c: 194: uint8_t var_portNumber_u8;
   627                           ;gpio.c: 195: uint8_t returnStatus = 0;
   628  05D8  01F3               	clrf	GPIO_PinRead@returnStatus
   629                           
   630                           ;gpio.c: 197: var_portNumber_u8 = (enm_pinNumber>>3);
   631  05D9  0874               	movf	GPIO_PinRead@enm_pinNumber,w
   632  05DA  00F0               	movwf	??_GPIO_PinRead
   633  05DB  3003               	movlw	3
   634  05DC                     u175:	
   635  05DC  1003               	clrc
   636  05DD  0CF0               	rrf	??_GPIO_PinRead,f
   637  05DE  3EFF               	addlw	-1
   638  05DF  1D03               	skipz
   639  05E0  2DDC               	goto	u175
   640  05E1  0870               	movf	??_GPIO_PinRead,w
   641  05E2  00F1               	movwf	??_GPIO_PinRead+1
   642  05E3  0871               	movf	??_GPIO_PinRead+1,w
   643  05E4  00F2               	movwf	GPIO_PinRead@var_portNumber_u8
   644                           
   645                           ;gpio.c: 198: enm_pinNumber = enm_pinNumber & 0x07;
   646  05E5  0874               	movf	GPIO_PinRead@enm_pinNumber,w
   647  05E6  3907               	andlw	7
   648  05E7  00F0               	movwf	??_GPIO_PinRead
   649  05E8  0870               	movf	??_GPIO_PinRead,w
   650  05E9  00F4               	movwf	GPIO_PinRead@enm_pinNumber
   651                           
   652                           ;gpio.c: 201: switch(var_portNumber_u8)
   653  05EA  2E37               	goto	l615
   654  05EB                     l603:	
   655                           ;gpio.c: 202: {
   656                           ;gpio.c: 204: case 0:
   657                           
   658                           
   659                           ;gpio.c: 205: returnStatus = (((PORTA)&((1<<(enm_pinNumber))))!=0u);
   660  05EB  3001               	movlw	1
   661  05EC  00F0               	movwf	??_GPIO_PinRead
   662  05ED  0A74               	incf	GPIO_PinRead@enm_pinNumber,w
   663  05EE  2DF1               	goto	u184
   664  05EF                     u185:	
   665  05EF  1003               	clrc
   666  05F0  0DF0               	rlf	??_GPIO_PinRead,f
   667  05F1                     u184:	
   668  05F1  3EFF               	addlw	-1
   669  05F2  1D03               	skipz
   670  05F3  2DEF               	goto	u185
   671  05F4  0870               	movf	??_GPIO_PinRead,w
   672  05F5  1283               	bcf	3,5	;RP0=0, select bank0
   673  05F6  1303               	bcf	3,6	;RP1=0, select bank0
   674  05F7  0505               	andwf	5,w	;volatile
   675  05F8  2E30               	goto	L4
   676  05F9                     l605:	
   677                           ;gpio.c: 209: case 1:
   678                           
   679                           ;gpio.c: 206: break;
   680                           
   681                           
   682                           ;gpio.c: 210: returnStatus = (((PORTB)&((1<<(enm_pinNumber))))!=0u);
   683  05F9  3001               	movlw	1
   684  05FA  00F0               	movwf	??_GPIO_PinRead
   685  05FB  0A74               	incf	GPIO_PinRead@enm_pinNumber,w
   686  05FC  2DFF               	goto	u194
   687  05FD                     u195:	
   688  05FD  1003               	clrc
   689  05FE  0DF0               	rlf	??_GPIO_PinRead,f
   690  05FF                     u194:	
   691  05FF  3EFF               	addlw	-1
   692  0600  1D03               	skipz
   693  0601  2DFD               	goto	u195
   694  0602  0870               	movf	??_GPIO_PinRead,w
   695  0603  1283               	bcf	3,5	;RP0=0, select bank0
   696  0604  1303               	bcf	3,6	;RP1=0, select bank0
   697  0605  0506               	andwf	6,w	;volatile
   698  0606  2E30               	goto	L4
   699  0607                     l607:	
   700                           ;gpio.c: 214: case 2:
   701                           
   702                           ;gpio.c: 211: break;
   703                           
   704                           
   705                           ;gpio.c: 215: returnStatus = (((PORTC)&((1<<(enm_pinNumber))))!=0u);
   706  0607  3001               	movlw	1
   707  0608  00F0               	movwf	??_GPIO_PinRead
   708  0609  0A74               	incf	GPIO_PinRead@enm_pinNumber,w
   709  060A  2E0D               	goto	u204
   710  060B                     u205:	
   711  060B  1003               	clrc
   712  060C  0DF0               	rlf	??_GPIO_PinRead,f
   713  060D                     u204:	
   714  060D  3EFF               	addlw	-1
   715  060E  1D03               	skipz
   716  060F  2E0B               	goto	u205
   717  0610  0870               	movf	??_GPIO_PinRead,w
   718  0611  1283               	bcf	3,5	;RP0=0, select bank0
   719  0612  1303               	bcf	3,6	;RP1=0, select bank0
   720  0613  0507               	andwf	7,w	;volatile
   721  0614  2E30               	goto	L4
   722  0615                     l609:	
   723                           ;gpio.c: 220: case 3:
   724                           
   725                           ;gpio.c: 216: break;
   726                           
   727                           
   728                           ;gpio.c: 221: returnStatus = (((PORTD)&((1<<(enm_pinNumber))))!=0u);
   729  0615  3001               	movlw	1
   730  0616  00F0               	movwf	??_GPIO_PinRead
   731  0617  0A74               	incf	GPIO_PinRead@enm_pinNumber,w
   732  0618  2E1B               	goto	u214
   733  0619                     u215:	
   734  0619  1003               	clrc
   735  061A  0DF0               	rlf	??_GPIO_PinRead,f
   736  061B                     u214:	
   737  061B  3EFF               	addlw	-1
   738  061C  1D03               	skipz
   739  061D  2E19               	goto	u215
   740  061E  0870               	movf	??_GPIO_PinRead,w
   741  061F  1283               	bcf	3,5	;RP0=0, select bank0
   742  0620  1303               	bcf	3,6	;RP1=0, select bank0
   743  0621  0508               	andwf	8,w	;volatile
   744  0622  2E30               	goto	L4
   745  0623                     l611:	
   746                           ;gpio.c: 226: case 4:
   747                           
   748                           ;gpio.c: 222: break;
   749                           
   750                           
   751                           ;gpio.c: 227: returnStatus = (((PORTE)&((1<<(enm_pinNumber))))!=0u);
   752  0623  3001               	movlw	1
   753  0624  00F0               	movwf	??_GPIO_PinRead
   754  0625  0A74               	incf	GPIO_PinRead@enm_pinNumber,w
   755  0626  2E29               	goto	u224
   756  0627                     u225:	
   757  0627  1003               	clrc
   758  0628  0DF0               	rlf	??_GPIO_PinRead,f
   759  0629                     u224:	
   760  0629  3EFF               	addlw	-1
   761  062A  1D03               	skipz
   762  062B  2E27               	goto	u225
   763  062C  0870               	movf	??_GPIO_PinRead,w
   764  062D  1283               	bcf	3,5	;RP0=0, select bank0
   765  062E  1303               	bcf	3,6	;RP1=0, select bank0
   766  062F  0509               	andwf	9,w	;volatile
   767  0630                     L4:	
   768  0630  3000               	movlw	0
   769  0631  1D03               	btfss	3,2
   770  0632  3001               	movlw	1
   771  0633  00F1               	movwf	??_GPIO_PinRead+1
   772  0634  0871               	movf	??_GPIO_PinRead+1,w
   773  0635  00F3               	movwf	GPIO_PinRead@returnStatus
   774                           
   775                           ;gpio.c: 229: }
   776                           
   777                           ;gpio.c: 228: break;
   778  0636  2E48               	goto	l617
   779  0637                     l615:	
   780  0637  0872               	movf	GPIO_PinRead@var_portNumber_u8,w
   781                           
   782                           ; Switch size 1, requested type "space"
   783                           ; Number of cases is 5, Range of values is 0 to 4
   784                           ; switch strategies available:
   785                           ; Name         Instructions Cycles
   786                           ; simple_byte           16     9 (average)
   787                           ; direct_byte           23     8 (fixed)
   788                           ; jumptable            260     6 (fixed)
   789                           ;	Chosen strategy is simple_byte
   790  0638  3A00               	xorlw	0	; case 0
   791  0639  1903               	skipnz
   792  063A  2DEB               	goto	l603
   793  063B  3A01               	xorlw	1	; case 1
   794  063C  1903               	skipnz
   795  063D  2DF9               	goto	l605
   796  063E  3A03               	xorlw	3	; case 2
   797  063F  1903               	skipnz
   798  0640  2E07               	goto	l607
   799  0641  3A01               	xorlw	1	; case 3
   800  0642  1903               	skipnz
   801  0643  2E15               	goto	l609
   802  0644  3A07               	xorlw	7	; case 4
   803  0645  1903               	skipnz
   804  0646  2E23               	goto	l611
   805  0647  2E48               	goto	l617
   806  0648                     l617:	
   807                           
   808                           ;gpio.c: 230: return returnStatus;
   809  0648  0873               	movf	GPIO_PinRead@returnStatus,w
   810  0649  0008               	return
   811  064A                     __end_of_GPIO_PinRead:	
   812                           
   813                           	psect	text3
   814  064A                     __ptext3:	
   815 ;; *************** function _GPIO_PinDirection *****************
   816 ;; Defined at:
   817 ;;		line 60 in file "../../SampleCode/00-libfiles/gpio.c"
   818 ;; Parameters:    Size  Location     Type
   819 ;;  enm_pinNumbe    1    wreg     enum E1088
   820 ;;  var_pinDirn_    1    0[COMMON] unsigned char 
   821 ;; Auto vars:     Size  Location     Type
   822 ;;  enm_pinNumbe    1    4[COMMON] enum E1088
   823 ;;  var_portNumb    1    3[COMMON] unsigned char 
   824 ;; Return value:  Size  Location     Type
   825 ;;		None               void
   826 ;; Registers used:
   827 ;;		wreg, fsr0l, fsr0h, status,2, status,0
   828 ;; Tracked objects:
   829 ;;		On entry : 0/0
   830 ;;		On exit  : 0/0
   831 ;;		Unchanged: 0/0
   832 ;; Data sizes:     COMMON   BANK0   BANK1   BANK3   BANK2
   833 ;;      Params:         1       0       0       0       0
   834 ;;      Locals:         2       0       0       0       0
   835 ;;      Temps:          2       0       0       0       0
   836 ;;      Totals:         5       0       0       0       0
   837 ;;Total ram usage:        5 bytes
   838 ;; Hardware stack levels used:    1
   839 ;; This function calls:
   840 ;;		Nothing
   841 ;; This function is called by:
   842 ;;		_main
   843 ;; This function uses a non-reentrant model
   844 ;;
   845                           
   846                           
   847                           ;psect for function _GPIO_PinDirection
   848  064A                     _GPIO_PinDirection:	
   849                           
   850                           ;incstack = 0
   851                           ; Regs used in _GPIO_PinDirection: [wreg-fsr0h+status,2+status,0]
   852                           ;GPIO_PinDirection@enm_pinNumber stored from wreg
   853  064A  00F4               	movwf	GPIO_PinDirection@enm_pinNumber
   854                           
   855                           ;gpio.c: 63: uint8_t var_portNumber_u8;
   856                           ;gpio.c: 66: var_portNumber_u8 = (enm_pinNumber>>3);
   857  064B  0874               	movf	GPIO_PinDirection@enm_pinNumber,w
   858  064C  00F1               	movwf	??_GPIO_PinDirection
   859  064D  3003               	movlw	3
   860  064E                     u15:	
   861  064E  1003               	clrc
   862  064F  0CF1               	rrf	??_GPIO_PinDirection,f
   863  0650  3EFF               	addlw	-1
   864  0651  1D03               	skipz
   865  0652  2E4E               	goto	u15
   866  0653  0871               	movf	??_GPIO_PinDirection,w
   867  0654  00F2               	movwf	??_GPIO_PinDirection+1
   868  0655  0872               	movf	??_GPIO_PinDirection+1,w
   869  0656  00F3               	movwf	GPIO_PinDirection@var_portNumber_u8
   870                           
   871                           ;gpio.c: 67: enm_pinNumber = enm_pinNumber & 0x07;
   872  0657  0874               	movf	GPIO_PinDirection@enm_pinNumber,w
   873  0658  3907               	andlw	7
   874  0659  00F1               	movwf	??_GPIO_PinDirection
   875  065A  0871               	movf	??_GPIO_PinDirection,w
   876  065B  00F4               	movwf	GPIO_PinDirection@enm_pinNumber
   877                           
   878                           ;gpio.c: 71: switch(var_portNumber_u8)
   879  065C  2F11               	goto	l595
   880  065D                     l563:	
   881                           ;gpio.c: 72: {
   882                           ;gpio.c: 74: case 0:
   883                           
   884                           
   885                           ;gpio.c: 75: ((var_pinDirn_u8)? ((TRISA) |= (1<<(enm_pinNumber))): ((TRISA) &= ~(1<<(enm
      +                          _pinNumber))));
   886  065D  0870               	movf	GPIO_PinDirection@var_pinDirn_u8,w
   887  065E  1903               	btfsc	3,2
   888  065F  2E70               	goto	l567
   889  0660  3001               	movlw	1
   890  0661  00F1               	movwf	??_GPIO_PinDirection
   891  0662  0A74               	incf	GPIO_PinDirection@enm_pinNumber,w
   892  0663  2E66               	goto	u34
   893  0664                     u35:	
   894  0664  1003               	clrc
   895  0665  0DF1               	rlf	??_GPIO_PinDirection,f
   896  0666                     u34:	
   897  0666  3EFF               	addlw	-1
   898  0667  1D03               	skipz
   899  0668  2E64               	goto	u35
   900  0669  0871               	movf	??_GPIO_PinDirection,w
   901  066A  00F2               	movwf	??_GPIO_PinDirection+1
   902  066B  0872               	movf	??_GPIO_PinDirection+1,w
   903  066C  1683               	bsf	3,5	;RP0=1, select bank1
   904  066D  1303               	bcf	3,6	;RP1=0, select bank1
   905  066E  0485               	iorwf	5,f	;volatile
   906  066F  0008               	return
   907  0670                     l567:	
   908  0670  3001               	movlw	1
   909  0671  00F1               	movwf	??_GPIO_PinDirection
   910  0672  0A74               	incf	GPIO_PinDirection@enm_pinNumber,w
   911  0673  2E76               	goto	u44
   912  0674                     u45:	
   913  0674  1003               	clrc
   914  0675  0DF1               	rlf	??_GPIO_PinDirection,f
   915  0676                     u44:	
   916  0676  3EFF               	addlw	-1
   917  0677  1D03               	skipz
   918  0678  2E74               	goto	u45
   919  0679  0871               	movf	??_GPIO_PinDirection,w
   920  067A  3AFF               	xorlw	255
   921  067B  00F2               	movwf	??_GPIO_PinDirection+1
   922  067C  0872               	movf	??_GPIO_PinDirection+1,w
   923  067D  1683               	bsf	3,5	;RP0=1, select bank1
   924  067E  1303               	bcf	3,6	;RP1=0, select bank1
   925  067F  0585               	andwf	5,f	;volatile
   926                           
   927                           ;gpio.c: 76: break;
   928  0680  0008               	return
   929  0681                     l569:	
   930                           ;gpio.c: 80: case 1:
   931                           
   932                           
   933                           ;gpio.c: 81: ((var_pinDirn_u8)? ((TRISB) |= (1<<(enm_pinNumber))): ((TRISB) &= ~(1<<(enm
      +                          _pinNumber))));
   934  0681  0870               	movf	GPIO_PinDirection@var_pinDirn_u8,w
   935  0682  1903               	btfsc	3,2
   936  0683  2E94               	goto	l573
   937  0684  3001               	movlw	1
   938  0685  00F1               	movwf	??_GPIO_PinDirection
   939  0686  0A74               	incf	GPIO_PinDirection@enm_pinNumber,w
   940  0687  2E8A               	goto	u64
   941  0688                     u65:	
   942  0688  1003               	clrc
   943  0689  0DF1               	rlf	??_GPIO_PinDirection,f
   944  068A                     u64:	
   945  068A  3EFF               	addlw	-1
   946  068B  1D03               	skipz
   947  068C  2E88               	goto	u65
   948  068D  0871               	movf	??_GPIO_PinDirection,w
   949  068E  00F2               	movwf	??_GPIO_PinDirection+1
   950  068F  0872               	movf	??_GPIO_PinDirection+1,w
   951  0690  1683               	bsf	3,5	;RP0=1, select bank1
   952  0691  1303               	bcf	3,6	;RP1=0, select bank1
   953  0692  0486               	iorwf	6,f	;volatile
   954  0693  0008               	return
   955  0694                     l573:	
   956  0694  3001               	movlw	1
   957  0695  00F1               	movwf	??_GPIO_PinDirection
   958  0696  0A74               	incf	GPIO_PinDirection@enm_pinNumber,w
   959  0697  2E9A               	goto	u74
   960  0698                     u75:	
   961  0698  1003               	clrc
   962  0699  0DF1               	rlf	??_GPIO_PinDirection,f
   963  069A                     u74:	
   964  069A  3EFF               	addlw	-1
   965  069B  1D03               	skipz
   966  069C  2E98               	goto	u75
   967  069D  0871               	movf	??_GPIO_PinDirection,w
   968  069E  3AFF               	xorlw	255
   969  069F  00F2               	movwf	??_GPIO_PinDirection+1
   970  06A0  0872               	movf	??_GPIO_PinDirection+1,w
   971  06A1  1683               	bsf	3,5	;RP0=1, select bank1
   972  06A2  1303               	bcf	3,6	;RP1=0, select bank1
   973  06A3  0586               	andwf	6,f	;volatile
   974                           
   975                           ;gpio.c: 82: break;
   976  06A4  0008               	return
   977  06A5                     l575:	
   978                           ;gpio.c: 86: case 2:
   979                           
   980                           
   981                           ;gpio.c: 87: ((var_pinDirn_u8)? ((TRISC) |= (1<<(enm_pinNumber))): ((TRISC) &= ~(1<<(enm
      +                          _pinNumber))));
   982  06A5  0870               	movf	GPIO_PinDirection@var_pinDirn_u8,w
   983  06A6  1903               	btfsc	3,2
   984  06A7  2EB8               	goto	l579
   985  06A8  3001               	movlw	1
   986  06A9  00F1               	movwf	??_GPIO_PinDirection
   987  06AA  0A74               	incf	GPIO_PinDirection@enm_pinNumber,w
   988  06AB  2EAE               	goto	u94
   989  06AC                     u95:	
   990  06AC  1003               	clrc
   991  06AD  0DF1               	rlf	??_GPIO_PinDirection,f
   992  06AE                     u94:	
   993  06AE  3EFF               	addlw	-1
   994  06AF  1D03               	skipz
   995  06B0  2EAC               	goto	u95
   996  06B1  0871               	movf	??_GPIO_PinDirection,w
   997  06B2  00F2               	movwf	??_GPIO_PinDirection+1
   998  06B3  0872               	movf	??_GPIO_PinDirection+1,w
   999  06B4  1683               	bsf	3,5	;RP0=1, select bank1
  1000  06B5  1303               	bcf	3,6	;RP1=0, select bank1
  1001  06B6  0487               	iorwf	7,f	;volatile
  1002  06B7  0008               	return
  1003  06B8                     l579:	
  1004  06B8  3001               	movlw	1
  1005  06B9  00F1               	movwf	??_GPIO_PinDirection
  1006  06BA  0A74               	incf	GPIO_PinDirection@enm_pinNumber,w
  1007  06BB  2EBE               	goto	u104
  1008  06BC                     u105:	
  1009  06BC  1003               	clrc
  1010  06BD  0DF1               	rlf	??_GPIO_PinDirection,f
  1011  06BE                     u104:	
  1012  06BE  3EFF               	addlw	-1
  1013  06BF  1D03               	skipz
  1014  06C0  2EBC               	goto	u105
  1015  06C1  0871               	movf	??_GPIO_PinDirection,w
  1016  06C2  3AFF               	xorlw	255
  1017  06C3  00F2               	movwf	??_GPIO_PinDirection+1
  1018  06C4  0872               	movf	??_GPIO_PinDirection+1,w
  1019  06C5  1683               	bsf	3,5	;RP0=1, select bank1
  1020  06C6  1303               	bcf	3,6	;RP1=0, select bank1
  1021  06C7  0587               	andwf	7,f	;volatile
  1022                           
  1023                           ;gpio.c: 88: break;
  1024  06C8  0008               	return
  1025  06C9                     l581:	
  1026                           ;gpio.c: 92: case 3:
  1027                           
  1028                           
  1029                           ;gpio.c: 93: ((var_pinDirn_u8)? ((TRISD) |= (1<<(enm_pinNumber))): ((TRISD) &= ~(1<<(enm
      +                          _pinNumber))));
  1030  06C9  0870               	movf	GPIO_PinDirection@var_pinDirn_u8,w
  1031  06CA  1903               	btfsc	3,2
  1032  06CB  2EDC               	goto	l585
  1033  06CC  3001               	movlw	1
  1034  06CD  00F1               	movwf	??_GPIO_PinDirection
  1035  06CE  0A74               	incf	GPIO_PinDirection@enm_pinNumber,w
  1036  06CF  2ED2               	goto	u124
  1037  06D0                     u125:	
  1038  06D0  1003               	clrc
  1039  06D1  0DF1               	rlf	??_GPIO_PinDirection,f
  1040  06D2                     u124:	
  1041  06D2  3EFF               	addlw	-1
  1042  06D3  1D03               	skipz
  1043  06D4  2ED0               	goto	u125
  1044  06D5  0871               	movf	??_GPIO_PinDirection,w
  1045  06D6  00F2               	movwf	??_GPIO_PinDirection+1
  1046  06D7  0872               	movf	??_GPIO_PinDirection+1,w
  1047  06D8  1683               	bsf	3,5	;RP0=1, select bank1
  1048  06D9  1303               	bcf	3,6	;RP1=0, select bank1
  1049  06DA  0488               	iorwf	8,f	;volatile
  1050  06DB  0008               	return
  1051  06DC                     l585:	
  1052  06DC  3001               	movlw	1
  1053  06DD  00F1               	movwf	??_GPIO_PinDirection
  1054  06DE  0A74               	incf	GPIO_PinDirection@enm_pinNumber,w
  1055  06DF  2EE2               	goto	u134
  1056  06E0                     u135:	
  1057  06E0  1003               	clrc
  1058  06E1  0DF1               	rlf	??_GPIO_PinDirection,f
  1059  06E2                     u134:	
  1060  06E2  3EFF               	addlw	-1
  1061  06E3  1D03               	skipz
  1062  06E4  2EE0               	goto	u135
  1063  06E5  0871               	movf	??_GPIO_PinDirection,w
  1064  06E6  3AFF               	xorlw	255
  1065  06E7  00F2               	movwf	??_GPIO_PinDirection+1
  1066  06E8  0872               	movf	??_GPIO_PinDirection+1,w
  1067  06E9  1683               	bsf	3,5	;RP0=1, select bank1
  1068  06EA  1303               	bcf	3,6	;RP1=0, select bank1
  1069  06EB  0588               	andwf	8,f	;volatile
  1070                           
  1071                           ;gpio.c: 94: break;
  1072  06EC  0008               	return
  1073  06ED                     l587:	
  1074                           ;gpio.c: 97: case 4:
  1075                           
  1076                           
  1077                           ;gpio.c: 98: ((var_pinDirn_u8)? ((TRISE) |= (1<<(enm_pinNumber))): ((TRISE) &= ~(1<<(enm
      +                          _pinNumber))));
  1078  06ED  0870               	movf	GPIO_PinDirection@var_pinDirn_u8,w
  1079  06EE  1903               	btfsc	3,2
  1080  06EF  2F00               	goto	l591
  1081  06F0  3001               	movlw	1
  1082  06F1  00F1               	movwf	??_GPIO_PinDirection
  1083  06F2  0A74               	incf	GPIO_PinDirection@enm_pinNumber,w
  1084  06F3  2EF6               	goto	u154
  1085  06F4                     u155:	
  1086  06F4  1003               	clrc
  1087  06F5  0DF1               	rlf	??_GPIO_PinDirection,f
  1088  06F6                     u154:	
  1089  06F6  3EFF               	addlw	-1
  1090  06F7  1D03               	skipz
  1091  06F8  2EF4               	goto	u155
  1092  06F9  0871               	movf	??_GPIO_PinDirection,w
  1093  06FA  00F2               	movwf	??_GPIO_PinDirection+1
  1094  06FB  0872               	movf	??_GPIO_PinDirection+1,w
  1095  06FC  1683               	bsf	3,5	;RP0=1, select bank1
  1096  06FD  1303               	bcf	3,6	;RP1=0, select bank1
  1097  06FE  0489               	iorwf	9,f	;volatile
  1098  06FF  0008               	return
  1099  0700                     l591:	
  1100  0700  3001               	movlw	1
  1101  0701  00F1               	movwf	??_GPIO_PinDirection
  1102  0702  0A74               	incf	GPIO_PinDirection@enm_pinNumber,w
  1103  0703  2F06               	goto	u164
  1104  0704                     u165:	
  1105  0704  1003               	clrc
  1106  0705  0DF1               	rlf	??_GPIO_PinDirection,f
  1107  0706                     u164:	
  1108  0706  3EFF               	addlw	-1
  1109  0707  1D03               	skipz
  1110  0708  2F04               	goto	u165
  1111  0709  0871               	movf	??_GPIO_PinDirection,w
  1112  070A  3AFF               	xorlw	255
  1113  070B  00F2               	movwf	??_GPIO_PinDirection+1
  1114  070C  0872               	movf	??_GPIO_PinDirection+1,w
  1115  070D  1683               	bsf	3,5	;RP0=1, select bank1
  1116  070E  1303               	bcf	3,6	;RP1=0, select bank1
  1117  070F  0589               	andwf	9,f	;volatile
  1118                           
  1119                           ;gpio.c: 101: }
  1120                           
  1121                           ;gpio.c: 99: break;
  1122  0710  0008               	return
  1123  0711                     l595:	
  1124  0711  0873               	movf	GPIO_PinDirection@var_portNumber_u8,w
  1125                           
  1126                           ; Switch size 1, requested type "space"
  1127                           ; Number of cases is 5, Range of values is 0 to 4
  1128                           ; switch strategies available:
  1129                           ; Name         Instructions Cycles
  1130                           ; simple_byte           16     9 (average)
  1131                           ; direct_byte           23     8 (fixed)
  1132                           ; jumptable            260     6 (fixed)
  1133                           ;	Chosen strategy is simple_byte
  1134  0712  3A00               	xorlw	0	; case 0
  1135  0713  1903               	skipnz
  1136  0714  2E5D               	goto	l563
  1137  0715  3A01               	xorlw	1	; case 1
  1138  0716  1903               	skipnz
  1139  0717  2E81               	goto	l569
  1140  0718  3A03               	xorlw	3	; case 2
  1141  0719  1903               	skipnz
  1142  071A  2EA5               	goto	l575
  1143  071B  3A01               	xorlw	1	; case 3
  1144  071C  1903               	skipnz
  1145  071D  2EC9               	goto	l581
  1146  071E  3A07               	xorlw	7	; case 4
  1147  071F  1903               	skipnz
  1148  0720  2EED               	goto	l587
  1149  0721  2F22               	goto	l62
  1150  0722                     l62:	
  1151  0722  0008               	return
  1152  0723                     __end_of_GPIO_PinDirection:	
  1153  007E                     btemp	set	126	;btemp
  1154  007E                     wtemp	set	126
  1155  007E                     wtemp0	set	126
  1156  0080                     wtemp1	set	128
  1157  0082                     wtemp2	set	130
  1158  0084                     wtemp3	set	132
  1159  0086                     wtemp4	set	134
  1160  0088                     wtemp5	set	136
  1161  007F                     wtemp6	set	127
  1162  007E                     ttemp	set	126
  1163  007E                     ttemp0	set	126
  1164  0081                     ttemp1	set	129
  1165  0084                     ttemp2	set	132
  1166  0087                     ttemp3	set	135
  1167  007F                     ttemp4	set	127
  1168  007E                     ltemp	set	126
  1169  007E                     ltemp0	set	126
  1170  0082                     ltemp1	set	130
  1171  0086                     ltemp2	set	134
  1172  0080                     ltemp3	set	128


Data Sizes:
    Strings     0
    Constant    0
    Data        0
    BSS         0
    Persistent  0
    Stack       0

Auto Spaces:
    Space          Size  Autos    Used
    COMMON           14      7       7
    BANK0            80      0       0
    BANK1            80      0       0
    BANK3            96      0       0
    BANK2            96      0       0

Pointer List with Targets:

    None.

Critical Paths under _main in COMMON

    _main->_GPIO_PinDirection
    _main->_GPIO_PinRead
    _main->_GPIO_PinWrite

Critical Paths under _main in BANK0

    None.

Critical Paths under _main in BANK1

    None.

Critical Paths under _main in BANK3

    None.

Critical Paths under _main in BANK2

    None.

Call Graph Tables:

 ---------------------------------------------------------------------------------
 (Depth) Function   	        Calls       Base Space   Used Autos Params    Refs
 ---------------------------------------------------------------------------------
 (0) _main                                                 2     2      0     819
                                              5 COMMON     2     2      0
                  _GPIO_PinDirection
                       _GPIO_PinRead
                      _GPIO_PinWrite
 ---------------------------------------------------------------------------------
 (1) _GPIO_PinWrite                                        5     4      1     313
                                              0 COMMON     5     4      1
 ---------------------------------------------------------------------------------
 (1) _GPIO_PinRead                                         5     5      0     135
                                              0 COMMON     5     5      0
 ---------------------------------------------------------------------------------
 (1) _GPIO_PinDirection                                    5     4      1     356
                                              0 COMMON     5     4      1
 ---------------------------------------------------------------------------------
 Estimated maximum stack depth 1
 ---------------------------------------------------------------------------------

 Call Graph Graphs:

 _main (ROOT)
   _GPIO_PinDirection
   _GPIO_PinRead
   _GPIO_PinWrite

 Address spaces:
Name               Size   Autos  Total    Cost      Usage
BITCOMMON            E      0       0       0        0.0%
EEDATA             100      0       0       0        0.0%
NULL                 0      0       0       0        0.0%
CODE                 0      0       0       0        0.0%
COMMON               E      7       7       1       50.0%
BITSFR0              0      0       0       1        0.0%
SFR0                 0      0       0       1        0.0%
BITSFR1              0      0       0       2        0.0%
SFR1                 0      0       0       2        0.0%
STACK                0      0       0       2        0.0%
ABS                  0      0       0       3        0.0%
BITBANK0            50      0       0       4        0.0%
BITSFR3              0      0       0       4        0.0%
SFR3                 0      0       0       4        0.0%
BANK0               50      0       0       5        0.0%
BITSFR2              0      0       0       5        0.0%
SFR2                 0      0       0       5        0.0%
BITBANK1            50      0       0       6        0.0%
BANK1               50      0       0       7        0.0%
BITBANK3            60      0       0       8        0.0%
BANK3               60      0       0       9        0.0%
BITBANK2            60      0       0      10        0.0%
BANK2               60      0       0      11        0.0%
DATA                 0      0       0      12        0.0%


Microchip Technology PIC Macro Assembler V1.32 build 58300 
Symbol Table                                                                                   Wed Apr 27 18:49:24 2016

                                 l9 05C0                         __CFG_CP$OFF 0000  
                                l62 0722                                  l92 07FB  
                                u15 064E                                  u34 0666  
                                u35 0664                                  u44 0676  
                                u45 0674                                  u64 068A  
                                u65 0688                                  u74 069A  
                                u75 0698                                  u94 06AE  
                                u95 06AC                         __CFG_LVP$ON 0000  
                               l611 0623                                 l603 05EB  
                               l605 05F9                                 l607 0607  
                               l615 0637                                 l631 075A  
                               l609 0615                                 l617 0648  
                               l641 0791                                 l625 0736  
                               l563 065D                                 l643 07A2  
                               l635 076D                                 l581 06C9  
                               l573 0694                                 l653 07D9  
                               l637 077E                                 l629 0749  
                               l591 0700                                 l575 06A5  
                               l567 0670                                 l647 07B5  
                               l585 06DC                                 l569 0681  
                               l649 07C6                                 l657 07EA  
                               l587 06ED                                 l579 06B8  
                               l595 0711                                 u104 06BE  
                               u105 06BC                                 u124 06D2  
                               u204 060D                                 u125 06D0  
                               u205 060B                                 u134 06E2  
                               u214 061B                                 u135 06E0  
                               u215 0619                                 u224 0629  
                               u225 0627                                 u154 06F6  
                               u314 0787                                 u155 06F4  
                               u315 0785                                 u235 0727  
                               u164 0706                                 u324 0797  
                               u165 0704                                 u325 0795  
                               u254 073F                                 u175 05DC  
                               u255 073D                                 u184 05F1  
                               u344 07AB                                 u264 074F  
                               u185 05EF                                 u345 07A9  
                               u265 074D                                 u194 05FF  
                               u354 07BB                        __CFG_CPD$OFF 0000  
                               u195 05FD                                 u355 07B9  
                               u284 0763                                 u285 0761  
                               u374 07CF                                 u294 0773  
                               u375 07CD                                 u295 0771  
                               u384 07DF                                 u385 07DD  
                      __CFG_FOSC$HS 0000                        __CFG_WRT$OFF 0000  
                              _main 05B1                                btemp 007E  
                              ltemp 007E                                start 0000  
                              ttemp 007E                                wtemp 007E  
                     ?_GPIO_PinRead 0070                       _GPIO_PinWrite 0723  
                             ?_main 0070                       __CFG_WDTE$OFF 0000  
                             _PORTA 0005                               _PORTB 0006  
                             _PORTC 0007                               _PORTD 0008  
                             _PORTE 0009                               _TRISA 0085  
                             _TRISB 0086                               _TRISC 0087  
                             _TRISD 0088                               _TRISE 0089  
                    __CFG_BOREN$OFF 0000                               ltemp0 007E  
                             ltemp1 0082                               ltemp2 0086  
                             ltemp3 0080                               ttemp0 007E  
                             ttemp1 0081                               ttemp2 0084  
                             ttemp3 0087                               ttemp4 007F  
                             status 0003                               wtemp0 007E  
                             wtemp1 0080                               wtemp2 0082  
                             wtemp3 0084                               wtemp4 0086  
                             wtemp5 0088                               wtemp6 007F  
                    ??_GPIO_PinRead 0070                     __initialization 07FC  
        GPIO_PinWrite@enm_pinNumber 0074                        __end_of_main 05D7  
                    ?_GPIO_PinWrite 0070                   _GPIO_PinDirection 064A  
                            ??_main 0075                  ?_GPIO_PinDirection 0070  
               ??_GPIO_PinDirection 0071                      __CFG_PWRTE$OFF 0000  
         GPIO_PinRead@enm_pinNumber 0074           __end_of_GPIO_PinDirection 0723  
    GPIO_PinDirection@enm_pinNumber 0074             __end_of__initialization 07FC  
                   ??_GPIO_PinWrite 0071                      __pcstackCOMMON 0070  
              __end_of_GPIO_PinRead 064A      GPIO_PinWrite@var_portNumber_u8 0073  
      GPIO_PinWrite@var_pinValue_u8 0070                          __pmaintext 05B1  
        __size_of_GPIO_PinDirection 00D9                             __ptext0 0000  
                           __ptext1 0723                             __ptext2 05D7  
                           __ptext3 064A                end_of_initialization 07FC  
             __size_of_GPIO_PinRead 0073  GPIO_PinDirection@var_portNumber_u8 0073  
                      _GPIO_PinRead 05D7                 start_initialization 07FC  
     GPIO_PinRead@var_portNumber_u8 0072     GPIO_PinDirection@var_pinDirn_u8 0070  
             __end_of_GPIO_PinWrite 07FC                           ___latbits 0002  
          GPIO_PinRead@returnStatus 0073                           main@value 0076  
                     __size_of_main 0026              __size_of_GPIO_PinWrite 00D9  
